{"/Users/douglasoliveira/Desktop/RotaBus-API/frontend/src/components/AssistantLoadingState.tsx": {"path":"/Users/douglasoliveira/Desktop/RotaBus-API/frontend/src/components/AssistantLoadingState.tsx","statementMap":{"0":{"start":{"line":29,"column":23},"end":{"line":72,"column":1}},"1":{"start":{"line":30,"column":17},"end":{"line":30,"column":34}},"2":{"start":{"line":31,"column":16},"end":{"line":31,"column":33}},"3":{"start":{"line":33,"column":2},"end":{"line":47,"column":9}},"4":{"start":{"line":34,"column":4},"end":{"line":38,"column":6}},"5":{"start":{"line":39,"column":4},"end":{"line":46,"column":6}},"6":{"start":{"line":49,"column":19},"end":{"line":55,"column":5}},"7":{"start":{"line":49,"column":43},"end":{"line":55,"column":3}},"8":{"start":{"line":57,"column":19},"end":{"line":59,"column":5}},"9":{"start":{"line":57,"column":43},"end":{"line":59,"column":3}},"10":{"start":{"line":61,"column":2},"end":{"line":71,"column":4}},"11":{"start":{"line":74,"column":75},"end":{"line":133,"column":1}},"12":{"start":{"line":80,"column":21},"end":{"line":80,"column":42}},"13":{"start":{"line":81,"column":24},"end":{"line":81,"column":36}},"14":{"start":{"line":83,"column":2},"end":{"line":132,"column":4}},"15":{"start":{"line":106,"column":12},"end":{"line":127,"column":19}},"16":{"start":{"line":135,"column":15},"end":{"line":244,"column":2}}},"fnMap":{"0":{"name":"(anonymous_0)","decl":{"start":{"line":29,"column":23},"end":{"line":29,"column":24}},"loc":{"start":{"line":29,"column":29},"end":{"line":72,"column":1}},"line":29},"1":{"name":"(anonymous_1)","decl":{"start":{"line":33,"column":12},"end":{"line":33,"column":13}},"loc":{"start":{"line":33,"column":18},"end":{"line":47,"column":3}},"line":33},"2":{"name":"(anonymous_2)","decl":{"start":{"line":49,"column":36},"end":{"line":49,"column":37}},"loc":{"start":{"line":49,"column":43},"end":{"line":55,"column":3}},"line":49},"3":{"name":"(anonymous_3)","decl":{"start":{"line":57,"column":36},"end":{"line":57,"column":37}},"loc":{"start":{"line":57,"column":43},"end":{"line":59,"column":3}},"line":57},"4":{"name":"(anonymous_4)","decl":{"start":{"line":74,"column":75},"end":{"line":74,"column":76}},"loc":{"start":{"line":79,"column":6},"end":{"line":133,"column":1}},"line":79},"5":{"name":"(anonymous_5)","decl":{"start":{"line":105,"column":21},"end":{"line":105,"column":22}},"loc":{"start":{"line":106,"column":12},"end":{"line":127,"column":19}},"line":106}},"branchMap":{"0":{"loc":{"start":{"line":89,"column":51},"end":{"line":89,"column":74}},"type":"cond-expr","locations":[{"start":{"line":89,"column":67},"end":{"line":89,"column":69}},{"start":{"line":89,"column":72},"end":{"line":89,"column":74}}],"line":89},"1":{"loc":{"start":{"line":90,"column":48},"end":{"line":90,"column":112}},"type":"cond-expr","locations":[{"start":{"line":90,"column":64},"end":{"line":90,"column":89}},{"start":{"line":90,"column":92},"end":{"line":90,"column":112}}],"line":90},"2":{"loc":{"start":{"line":91,"column":9},"end":{"line":91,"column":184}},"type":"binary-expr","locations":[{"start":{"line":91,"column":9},"end":{"line":91,"column":17}},{"start":{"line":91,"column":21},"end":{"line":91,"column":184}}],"line":91},"3":{"loc":{"start":{"line":91,"column":64},"end":{"line":91,"column":134}},"type":"cond-expr","locations":[{"start":{"line":91,"column":80},"end":{"line":91,"column":108}},{"start":{"line":91,"column":111},"end":{"line":91,"column":134}}],"line":91},"4":{"loc":{"start":{"line":94,"column":7},"end":{"line":101,"column":7}},"type":"binary-expr","locations":[{"start":{"line":94,"column":7},"end":{"line":94,"column":17}},{"start":{"line":95,"column":8},"end":{"line":100,"column":15}}],"line":94},"5":{"loc":{"start":{"line":103,"column":7},"end":{"line":130,"column":7}},"type":"binary-expr","locations":[{"start":{"line":103,"column":7},"end":{"line":103,"column":12}},{"start":{"line":103,"column":16},"end":{"line":103,"column":32}},{"start":{"line":104,"column":8},"end":{"line":129,"column":24}}],"line":103},"6":{"loc":{"start":{"line":104,"column":89},"end":{"line":104,"column":149}},"type":"cond-expr","locations":[{"start":{"line":104,"column":105},"end":{"line":104,"column":128}},{"start":{"line":104,"column":131},"end":{"line":104,"column":149}}],"line":104},"7":{"loc":{"start":{"line":106,"column":64},"end":{"line":106,"column":86}},"type":"cond-expr","locations":[{"start":{"line":106,"column":80},"end":{"line":106,"column":81}},{"start":{"line":106,"column":84},"end":{"line":106,"column":86}}],"line":106},"8":{"loc":{"start":{"line":108,"column":17},"end":{"line":114,"column":17}},"type":"cond-expr","locations":[{"start":{"line":109,"column":18},"end":{"line":109,"column":108}},{"start":{"line":110,"column":20},"end":{"line":114,"column":17}}],"line":108},"9":{"loc":{"start":{"line":109,"column":58},"end":{"line":109,"column":81}},"type":"cond-expr","locations":[{"start":{"line":109,"column":74},"end":{"line":109,"column":76}},{"start":{"line":109,"column":79},"end":{"line":109,"column":81}}],"line":109},"10":{"loc":{"start":{"line":110,"column":20},"end":{"line":114,"column":17}},"type":"cond-expr","locations":[{"start":{"line":111,"column":18},"end":{"line":111,"column":75}},{"start":{"line":113,"column":18},"end":{"line":113,"column":106}}],"line":110},"11":{"loc":{"start":{"line":113,"column":57},"end":{"line":113,"column":80}},"type":"cond-expr","locations":[{"start":{"line":113,"column":73},"end":{"line":113,"column":75}},{"start":{"line":113,"column":78},"end":{"line":113,"column":80}}],"line":113},"12":{"loc":{"start":{"line":120,"column":30},"end":{"line":120,"column":108}},"type":"cond-expr","locations":[{"start":{"line":120,"column":46},"end":{"line":120,"column":78}},{"start":{"line":120,"column":81},"end":{"line":120,"column":108}}],"line":120},"13":{"loc":{"start":{"line":121,"column":18},"end":{"line":121,"column":73}},"type":"binary-expr","locations":[{"start":{"line":121,"column":18},"end":{"line":121,"column":45}},{"start":{"line":121,"column":49},"end":{"line":121,"column":73}}],"line":121},"14":{"loc":{"start":{"line":122,"column":18},"end":{"line":122,"column":68}},"type":"binary-expr","locations":[{"start":{"line":122,"column":18},"end":{"line":122,"column":43}},{"start":{"line":122,"column":47},"end":{"line":122,"column":68}}],"line":122}},"s":{"0":0,"1":0,"2":0,"3":0,"4":0,"5":0,"6":0,"7":0,"8":0,"9":0,"10":0,"11":0,"12":0,"13":0,"14":0,"15":0,"16":0},"f":{"0":0,"1":0,"2":0,"3":0,"4":0,"5":0},"b":{"0":[0,0],"1":[0,0],"2":[0,0],"3":[0,0],"4":[0,0],"5":[0,0,0],"6":[0,0],"7":[0,0],"8":[0,0],"9":[0,0],"10":[0,0],"11":[0,0],"12":[0,0],"13":[0,0],"14":[0,0]}}
,"/Users/douglasoliveira/Desktop/RotaBus-API/frontend/src/components/BackButton.tsx": {"path":"/Users/douglasoliveira/Desktop/RotaBus-API/frontend/src/components/BackButton.tsx","statementMap":{"0":{"start":{"line":15,"column":4},"end":{"line":18,"column":5}},"1":{"start":{"line":16,"column":6},"end":{"line":16,"column":16}},"2":{"start":{"line":17,"column":6},"end":{"line":17,"column":13}},"3":{"start":{"line":20,"column":4},"end":{"line":20,"column":18}},"4":{"start":{"line":23,"column":2},"end":{"line":33,"column":4}},"5":{"start":{"line":36,"column":15},"end":{"line":51,"column":2}}},"fnMap":{"0":{"name":"BackButton","decl":{"start":{"line":13,"column":16},"end":{"line":13,"column":26}},"loc":{"start":{"line":13,"column":95},"end":{"line":34,"column":1}},"line":13},"1":{"name":"handlePress","decl":{"start":{"line":14,"column":11},"end":{"line":14,"column":22}},"loc":{"start":{"line":14,"column":25},"end":{"line":21,"column":3}},"line":14}},"branchMap":{"0":{"loc":{"start":{"line":13,"column":29},"end":{"line":13,"column":45}},"type":"default-arg","locations":[{"start":{"line":13,"column":37},"end":{"line":13,"column":45}}],"line":13},"1":{"loc":{"start":{"line":15,"column":4},"end":{"line":18,"column":5}},"type":"if","locations":[{"start":{"line":15,"column":4},"end":{"line":18,"column":5}},{"start":{},"end":{}}],"line":15},"2":{"loc":{"start":{"line":28,"column":26},"end":{"line":28,"column":53}},"type":"binary-expr","locations":[{"start":{"line":28,"column":26},"end":{"line":28,"column":44}},{"start":{"line":28,"column":48},"end":{"line":28,"column":53}}],"line":28}},"s":{"0":0,"1":0,"2":0,"3":0,"4":0,"5":0},"f":{"0":0,"1":0},"b":{"0":[0],"1":[0,0],"2":[0,0]}}
,"/Users/douglasoliveira/Desktop/RotaBus-API/frontend/src/components/BusIntroAnimation.tsx": {"path":"/Users/douglasoliveira/Desktop/RotaBus-API/frontend/src/components/BusIntroAnimation.tsx","statementMap":{"0":{"start":{"line":16,"column":18},"end":{"line":16,"column":42}},"1":{"start":{"line":23,"column":17},"end":{"line":23,"column":33}},"2":{"start":{"line":24,"column":24},"end":{"line":24,"column":56}},"3":{"start":{"line":25,"column":18},"end":{"line":25,"column":35}},"4":{"start":{"line":26,"column":16},"end":{"line":26,"column":35}},"5":{"start":{"line":28,"column":2},"end":{"line":48,"column":9}},"6":{"start":{"line":29,"column":4},"end":{"line":38,"column":6}},"7":{"start":{"line":40,"column":4},"end":{"line":43,"column":6}},"8":{"start":{"line":45,"column":4},"end":{"line":47,"column":8}},"9":{"start":{"line":46,"column":6},"end":{"line":46,"column":26}},"10":{"start":{"line":50,"column":27},"end":{"line":55,"column":5}},"11":{"start":{"line":50,"column":51},"end":{"line":55,"column":3}},"12":{"start":{"line":57,"column":33},"end":{"line":59,"column":5}},"13":{"start":{"line":57,"column":57},"end":{"line":59,"column":3}},"14":{"start":{"line":61,"column":2},"end":{"line":75,"column":4}},"15":{"start":{"line":78,"column":15},"end":{"line":110,"column":2}}},"fnMap":{"0":{"name":"BusIntroAnimation","decl":{"start":{"line":22,"column":16},"end":{"line":22,"column":33}},"loc":{"start":{"line":22,"column":72},"end":{"line":76,"column":1}},"line":22},"1":{"name":"(anonymous_1)","decl":{"start":{"line":28,"column":12},"end":{"line":28,"column":13}},"loc":{"start":{"line":28,"column":18},"end":{"line":48,"column":3}},"line":28},"2":{"name":"(anonymous_2)","decl":{"start":{"line":45,"column":69},"end":{"line":45,"column":70}},"loc":{"start":{"line":45,"column":75},"end":{"line":47,"column":5}},"line":45},"3":{"name":"(anonymous_3)","decl":{"start":{"line":50,"column":44},"end":{"line":50,"column":45}},"loc":{"start":{"line":50,"column":51},"end":{"line":55,"column":3}},"line":50},"4":{"name":"(anonymous_4)","decl":{"start":{"line":57,"column":50},"end":{"line":57,"column":51}},"loc":{"start":{"line":57,"column":57},"end":{"line":59,"column":3}},"line":57}},"branchMap":{},"s":{"0":0,"1":0,"2":0,"3":0,"4":0,"5":0,"6":0,"7":0,"8":0,"9":0,"10":0,"11":0,"12":0,"13":0,"14":0,"15":0},"f":{"0":0,"1":0,"2":0,"3":0,"4":0},"b":{}}
,"/Users/douglasoliveira/Desktop/RotaBus-API/frontend/src/components/ListenOptionsButton.tsx": {"path":"/Users/douglasoliveira/Desktop/RotaBus-API/frontend/src/components/ListenOptionsButton.tsx","statementMap":{"0":{"start":{"line":21,"column":4},"end":{"line":24,"column":5}},"1":{"start":{"line":22,"column":6},"end":{"line":22,"column":16}},"2":{"start":{"line":23,"column":6},"end":{"line":23,"column":13}},"3":{"start":{"line":26,"column":4},"end":{"line":29,"column":6}},"4":{"start":{"line":32,"column":2},"end":{"line":42,"column":4}},"5":{"start":{"line":45,"column":15},"end":{"line":64,"column":2}}},"fnMap":{"0":{"name":"ListenOptionsButton","decl":{"start":{"line":14,"column":16},"end":{"line":14,"column":35}},"loc":{"start":{"line":19,"column":29},"end":{"line":43,"column":1}},"line":19},"1":{"name":"handlePress","decl":{"start":{"line":20,"column":11},"end":{"line":20,"column":22}},"loc":{"start":{"line":20,"column":25},"end":{"line":30,"column":3}},"line":20}},"branchMap":{"0":{"loc":{"start":{"line":17,"column":2},"end":{"line":17,"column":24}},"type":"default-arg","locations":[{"start":{"line":17,"column":10},"end":{"line":17,"column":24}}],"line":17},"1":{"loc":{"start":{"line":21,"column":4},"end":{"line":24,"column":5}},"type":"if","locations":[{"start":{"line":21,"column":4},"end":{"line":24,"column":5}},{"start":{},"end":{}}],"line":21},"2":{"loc":{"start":{"line":27,"column":6},"end":{"line":28,"column":73}},"type":"binary-expr","locations":[{"start":{"line":27,"column":6},"end":{"line":27,"column":17}},{"start":{"line":28,"column":8},"end":{"line":28,"column":73}}],"line":27},"3":{"loc":{"start":{"line":37,"column":26},"end":{"line":37,"column":53}},"type":"binary-expr","locations":[{"start":{"line":37,"column":26},"end":{"line":37,"column":44}},{"start":{"line":37,"column":48},"end":{"line":37,"column":53}}],"line":37}},"s":{"0":0,"1":0,"2":0,"3":0,"4":0,"5":0},"f":{"0":0,"1":0},"b":{"0":[0],"1":[0,0],"2":[0,0],"3":[0,0]}}
,"/Users/douglasoliveira/Desktop/RotaBus-API/frontend/src/components/Map.tsx": {"path":"/Users/douglasoliveira/Desktop/RotaBus-API/frontend/src/components/Map.tsx","statementMap":{"0":{"start":{"line":31,"column":22},"end":{"line":35,"column":1}},"1":{"start":{"line":37,"column":21},"end":{"line":47,"column":1}},"2":{"start":{"line":49,"column":23},"end":{"line":59,"column":1}},"3":{"start":{"line":50,"column":2},"end":{"line":58,"column":3}},"4":{"start":{"line":51,"column":26},"end":{"line":51,"column":43}},"5":{"start":{"line":52,"column":26},"end":{"line":52,"column":43}},"6":{"start":{"line":53,"column":25},"end":{"line":53,"column":42}},"7":{"start":{"line":54,"column":24},"end":{"line":54,"column":41}},"8":{"start":{"line":55,"column":17},"end":{"line":55,"column":34}},"9":{"start":{"line":56,"column":19},"end":{"line":56,"column":36}},"10":{"start":{"line":57,"column":13},"end":{"line":57,"column":30}},"11":{"start":{"line":61,"column":32},"end":{"line":331,"column":1}},"12":{"start":{"line":73,"column":17},"end":{"line":73,"column":38}},"13":{"start":{"line":74,"column":48},"end":{"line":74,"column":76}},"14":{"start":{"line":75,"column":22},"end":{"line":75,"column":38}},"15":{"start":{"line":76,"column":16},"end":{"line":76,"column":32}},"16":{"start":{"line":77,"column":20},"end":{"line":77,"column":45}},"17":{"start":{"line":79,"column":25},"end":{"line":101,"column":3}},"18":{"start":{"line":80,"column":4},"end":{"line":100,"column":5}},"19":{"start":{"line":81,"column":6},"end":{"line":81,"column":31}},"20":{"start":{"line":82,"column":6},"end":{"line":99,"column":7}},"21":{"start":{"line":83,"column":8},"end":{"line":91,"column":31}},"22":{"start":{"line":93,"column":8},"end":{"line":98,"column":17}},"23":{"start":{"line":103,"column":26},"end":{"line":108,"column":3}},"24":{"start":{"line":104,"column":4},"end":{"line":107,"column":5}},"25":{"start":{"line":105,"column":23},"end":{"line":105,"column":84}},"26":{"start":{"line":106,"column":6},"end":{"line":106,"column":34}},"27":{"start":{"line":110,"column":2},"end":{"line":175,"column":92}},"28":{"start":{"line":111,"column":4},"end":{"line":111,"column":32}},"29":{"start":{"line":111,"column":25},"end":{"line":111,"column":32}},"30":{"start":{"line":113,"column":4},"end":{"line":125,"column":5}},"31":{"start":{"line":115,"column":6},"end":{"line":123,"column":28}},"32":{"start":{"line":124,"column":6},"end":{"line":124,"column":13}},"33":{"start":{"line":127,"column":4},"end":{"line":127,"column":49}},"34":{"start":{"line":127,"column":42},"end":{"line":127,"column":49}},"35":{"start":{"line":129,"column":72},"end":{"line":129,"column":74}},"36":{"start":{"line":130,"column":4},"end":{"line":130,"column":132}},"37":{"start":{"line":130,"column":22},"end":{"line":130,"column":132}},"38":{"start":{"line":132,"column":4},"end":{"line":163,"column":5}},"39":{"start":{"line":133,"column":6},"end":{"line":133,"column":150}},"40":{"start":{"line":133,"column":28},"end":{"line":133,"column":150}},"41":{"start":{"line":133,"column":62},"end":{"line":133,"column":148}},"42":{"start":{"line":134,"column":6},"end":{"line":139,"column":7}},"43":{"start":{"line":135,"column":8},"end":{"line":138,"column":11}},"44":{"start":{"line":136,"column":26},"end":{"line":136,"column":66}},"45":{"start":{"line":137,"column":10},"end":{"line":137,"column":132}},"46":{"start":{"line":137,"column":35},"end":{"line":137,"column":130}},"47":{"start":{"line":140,"column":11},"end":{"line":163,"column":5}},"48":{"start":{"line":141,"column":19},"end":{"line":141,"column":73}},"49":{"start":{"line":141,"column":46},"end":{"line":141,"column":72}},"50":{"start":{"line":142,"column":6},"end":{"line":142,"column":99}},"51":{"start":{"line":142,"column":16},"end":{"line":142,"column":99}},"52":{"start":{"line":144,"column":6},"end":{"line":162,"column":7}},"53":{"start":{"line":145,"column":28},"end":{"line":145,"column":55}},"54":{"start":{"line":146,"column":25},"end":{"line":146,"column":56}},"55":{"start":{"line":148,"column":8},"end":{"line":151,"column":9}},"56":{"start":{"line":149,"column":26},"end":{"line":149,"column":62}},"57":{"start":{"line":150,"column":10},"end":{"line":150,"column":157}},"58":{"start":{"line":150,"column":35},"end":{"line":150,"column":157}},"59":{"start":{"line":150,"column":60},"end":{"line":150,"column":155}},"60":{"start":{"line":152,"column":8},"end":{"line":155,"column":9}},"61":{"start":{"line":153,"column":31},"end":{"line":153,"column":64}},"62":{"start":{"line":154,"column":11},"end":{"line":154,"column":166}},"63":{"start":{"line":154,"column":40},"end":{"line":154,"column":166}},"64":{"start":{"line":154,"column":69},"end":{"line":154,"column":164}},"65":{"start":{"line":157,"column":29},"end":{"line":157,"column":76}},"66":{"start":{"line":157,"column":58},"end":{"line":157,"column":75}},"67":{"start":{"line":158,"column":8},"end":{"line":161,"column":9}},"68":{"start":{"line":159,"column":26},"end":{"line":159,"column":70}},"69":{"start":{"line":160,"column":10},"end":{"line":160,"column":157}},"70":{"start":{"line":160,"column":35},"end":{"line":160,"column":157}},"71":{"start":{"line":160,"column":60},"end":{"line":160,"column":155}},"72":{"start":{"line":165,"column":4},"end":{"line":174,"column":5}},"73":{"start":{"line":166,"column":27},"end":{"line":166,"column":151}},"74":{"start":{"line":166,"column":67},"end":{"line":166,"column":150}},"75":{"start":{"line":166,"column":93},"end":{"line":166,"column":149}},"76":{"start":{"line":167,"column":6},"end":{"line":173,"column":15}},"77":{"start":{"line":168,"column":8},"end":{"line":172,"column":9}},"78":{"start":{"line":169,"column":10},"end":{"line":169,"column":117}},"79":{"start":{"line":170,"column":15},"end":{"line":172,"column":9}},"80":{"start":{"line":171,"column":10},"end":{"line":171,"column":160}},"81":{"start":{"line":177,"column":2},"end":{"line":330,"column":4}},"82":{"start":{"line":194,"column":10},"end":{"line":194,"column":57}},"83":{"start":{"line":194,"column":31},"end":{"line":194,"column":57}},"84":{"start":{"line":199,"column":23},"end":{"line":199,"column":70}},"85":{"start":{"line":201,"column":27},"end":{"line":201,"column":67}},"86":{"start":{"line":202,"column":12},"end":{"line":202,"column":47}},"87":{"start":{"line":202,"column":35},"end":{"line":202,"column":47}},"88":{"start":{"line":203,"column":27},"end":{"line":203,"column":51}},"89":{"start":{"line":204,"column":12},"end":{"line":214,"column":14}},"90":{"start":{"line":219,"column":25},"end":{"line":219,"column":54}},"91":{"start":{"line":220,"column":10},"end":{"line":220,"column":45}},"92":{"start":{"line":220,"column":33},"end":{"line":220,"column":45}},"93":{"start":{"line":222,"column":27},"end":{"line":222,"column":53}},"94":{"start":{"line":223,"column":25},"end":{"line":223,"column":49}},"95":{"start":{"line":225,"column":28},"end":{"line":225,"column":41}},"96":{"start":{"line":226,"column":28},"end":{"line":226,"column":30}},"97":{"start":{"line":227,"column":23},"end":{"line":227,"column":24}},"98":{"start":{"line":228,"column":54},"end":{"line":228,"column":63}},"99":{"start":{"line":230,"column":10},"end":{"line":239,"column":11}},"100":{"start":{"line":231,"column":12},"end":{"line":231,"column":36}},"101":{"start":{"line":232,"column":12},"end":{"line":232,"column":28}},"102":{"start":{"line":233,"column":12},"end":{"line":233,"column":23}},"103":{"start":{"line":234,"column":17},"end":{"line":239,"column":11}},"104":{"start":{"line":235,"column":12},"end":{"line":235,"column":45}},"105":{"start":{"line":236,"column":12},"end":{"line":236,"column":28}},"106":{"start":{"line":237,"column":12},"end":{"line":237,"column":23}},"107":{"start":{"line":238,"column":12},"end":{"line":238,"column":38}},"108":{"start":{"line":241,"column":10},"end":{"line":252,"column":12}},"109":{"start":{"line":257,"column":11},"end":{"line":257,"column":80}},"110":{"start":{"line":257,"column":68},"end":{"line":257,"column":80}},"111":{"start":{"line":258,"column":26},"end":{"line":258,"column":50}},"112":{"start":{"line":259,"column":11},"end":{"line":259,"column":35}},"113":{"start":{"line":259,"column":23},"end":{"line":259,"column":35}},"114":{"start":{"line":261,"column":11},"end":{"line":271,"column":13}},"115":{"start":{"line":277,"column":12},"end":{"line":277,"column":48}},"116":{"start":{"line":277,"column":35},"end":{"line":277,"column":48}},"117":{"start":{"line":278,"column":12},"end":{"line":278,"column":56}},"118":{"start":{"line":278,"column":44},"end":{"line":278,"column":56}},"119":{"start":{"line":279,"column":12},"end":{"line":279,"column":46}},"120":{"start":{"line":282,"column":12},"end":{"line":301,"column":21}},"121":{"start":{"line":333,"column":15},"end":{"line":386,"column":2}}},"fnMap":{"0":{"name":"(anonymous_0)","decl":{"start":{"line":49,"column":23},"end":{"line":49,"column":24}},"loc":{"start":{"line":49,"column":52},"end":{"line":59,"column":1}},"line":49},"1":{"name":"(anonymous_1)","decl":{"start":{"line":61,"column":32},"end":{"line":61,"column":33}},"loc":{"start":{"line":72,"column":6},"end":{"line":331,"column":1}},"line":72},"2":{"name":"(anonymous_2)","decl":{"start":{"line":79,"column":25},"end":{"line":79,"column":26}},"loc":{"start":{"line":79,"column":31},"end":{"line":101,"column":3}},"line":79},"3":{"name":"(anonymous_3)","decl":{"start":{"line":103,"column":26},"end":{"line":103,"column":27}},"loc":{"start":{"line":103,"column":32},"end":{"line":108,"column":3}},"line":103},"4":{"name":"(anonymous_4)","decl":{"start":{"line":110,"column":12},"end":{"line":110,"column":13}},"loc":{"start":{"line":110,"column":18},"end":{"line":175,"column":3}},"line":110},"5":{"name":"(anonymous_5)","decl":{"start":{"line":133,"column":52},"end":{"line":133,"column":53}},"loc":{"start":{"line":133,"column":62},"end":{"line":133,"column":148}},"line":133},"6":{"name":"(anonymous_6)","decl":{"start":{"line":135,"column":34},"end":{"line":135,"column":35}},"loc":{"start":{"line":135,"column":46},"end":{"line":138,"column":9}},"line":135},"7":{"name":"(anonymous_7)","decl":{"start":{"line":137,"column":26},"end":{"line":137,"column":27}},"loc":{"start":{"line":137,"column":35},"end":{"line":137,"column":130}},"line":137},"8":{"name":"(anonymous_8)","decl":{"start":{"line":141,"column":41},"end":{"line":141,"column":42}},"loc":{"start":{"line":141,"column":46},"end":{"line":141,"column":72}},"line":141},"9":{"name":"(anonymous_9)","decl":{"start":{"line":150,"column":51},"end":{"line":150,"column":52}},"loc":{"start":{"line":150,"column":60},"end":{"line":150,"column":155}},"line":150},"10":{"name":"(anonymous_10)","decl":{"start":{"line":154,"column":60},"end":{"line":154,"column":61}},"loc":{"start":{"line":154,"column":69},"end":{"line":154,"column":164}},"line":154},"11":{"name":"(anonymous_11)","decl":{"start":{"line":157,"column":53},"end":{"line":157,"column":54}},"loc":{"start":{"line":157,"column":58},"end":{"line":157,"column":75}},"line":157},"12":{"name":"(anonymous_12)","decl":{"start":{"line":160,"column":51},"end":{"line":160,"column":52}},"loc":{"start":{"line":160,"column":60},"end":{"line":160,"column":155}},"line":160},"13":{"name":"(anonymous_13)","decl":{"start":{"line":166,"column":51},"end":{"line":166,"column":52}},"loc":{"start":{"line":166,"column":67},"end":{"line":166,"column":150}},"line":166},"14":{"name":"(anonymous_14)","decl":{"start":{"line":166,"column":88},"end":{"line":166,"column":89}},"loc":{"start":{"line":166,"column":93},"end":{"line":166,"column":149}},"line":166},"15":{"name":"(anonymous_15)","decl":{"start":{"line":167,"column":17},"end":{"line":167,"column":18}},"loc":{"start":{"line":167,"column":23},"end":{"line":173,"column":7}},"line":167},"16":{"name":"(anonymous_16)","decl":{"start":{"line":193,"column":19},"end":{"line":193,"column":20}},"loc":{"start":{"line":193,"column":25},"end":{"line":195,"column":9}},"line":193},"17":{"name":"(anonymous_17)","decl":{"start":{"line":199,"column":18},"end":{"line":199,"column":19}},"loc":{"start":{"line":199,"column":23},"end":{"line":199,"column":70}},"line":199},"18":{"name":"(anonymous_18)","decl":{"start":{"line":200,"column":15},"end":{"line":200,"column":16}},"loc":{"start":{"line":200,"column":42},"end":{"line":215,"column":11}},"line":200},"19":{"name":"(anonymous_19)","decl":{"start":{"line":218,"column":97},"end":{"line":218,"column":98}},"loc":{"start":{"line":218,"column":114},"end":{"line":253,"column":9}},"line":218},"20":{"name":"(anonymous_20)","decl":{"start":{"line":256,"column":97},"end":{"line":256,"column":98}},"loc":{"start":{"line":256,"column":114},"end":{"line":272,"column":9}},"line":256},"21":{"name":"(anonymous_21)","decl":{"start":{"line":276,"column":18},"end":{"line":276,"column":19}},"loc":{"start":{"line":276,"column":23},"end":{"line":280,"column":11}},"line":276},"22":{"name":"(anonymous_22)","decl":{"start":{"line":281,"column":15},"end":{"line":281,"column":16}},"loc":{"start":{"line":282,"column":12},"end":{"line":301,"column":21}},"line":282}},"branchMap":{"0":{"loc":{"start":{"line":50,"column":2},"end":{"line":58,"column":3}},"type":"switch","locations":[{"start":{"line":51,"column":4},"end":{"line":51,"column":43}},{"start":{"line":52,"column":4},"end":{"line":52,"column":43}},{"start":{"line":53,"column":4},"end":{"line":53,"column":42}},{"start":{"line":54,"column":4},"end":{"line":54,"column":41}},{"start":{"line":55,"column":4},"end":{"line":55,"column":34}},{"start":{"line":56,"column":4},"end":{"line":56,"column":36}},{"start":{"line":57,"column":4},"end":{"line":57,"column":30}}],"line":50},"1":{"loc":{"start":{"line":66,"column":2},"end":{"line":66,"column":31}},"type":"default-arg","locations":[{"start":{"line":66,"column":14},"end":{"line":66,"column":31}}],"line":66},"2":{"loc":{"start":{"line":68,"column":2},"end":{"line":68,"column":27}},"type":"default-arg","locations":[{"start":{"line":68,"column":25},"end":{"line":68,"column":27}}],"line":68},"3":{"loc":{"start":{"line":69,"column":2},"end":{"line":69,"column":16}},"type":"default-arg","locations":[{"start":{"line":69,"column":14},"end":{"line":69,"column":16}}],"line":69},"4":{"loc":{"start":{"line":70,"column":2},"end":{"line":70,"column":22}},"type":"default-arg","locations":[{"start":{"line":70,"column":21},"end":{"line":70,"column":22}}],"line":70},"5":{"loc":{"start":{"line":71,"column":2},"end":{"line":71,"column":22}},"type":"default-arg","locations":[{"start":{"line":71,"column":17},"end":{"line":71,"column":22}}],"line":71},"6":{"loc":{"start":{"line":80,"column":4},"end":{"line":100,"column":5}},"type":"if","locations":[{"start":{"line":80,"column":4},"end":{"line":100,"column":5}},{"start":{},"end":{}}],"line":80},"7":{"loc":{"start":{"line":80,"column":8},"end":{"line":80,"column":38}},"type":"binary-expr","locations":[{"start":{"line":80,"column":8},"end":{"line":80,"column":20}},{"start":{"line":80,"column":24},"end":{"line":80,"column":38}}],"line":80},"8":{"loc":{"start":{"line":82,"column":6},"end":{"line":99,"column":7}},"type":"if","locations":[{"start":{"line":82,"column":6},"end":{"line":99,"column":7}},{"start":{"line":92,"column":13},"end":{"line":99,"column":7}}],"line":82},"9":{"loc":{"start":{"line":89,"column":19},"end":{"line":89,"column":44}},"type":"binary-expr","locations":[{"start":{"line":89,"column":19},"end":{"line":89,"column":39}},{"start":{"line":89,"column":43},"end":{"line":89,"column":44}}],"line":89},"10":{"loc":{"start":{"line":104,"column":4},"end":{"line":107,"column":5}},"type":"if","locations":[{"start":{"line":104,"column":4},"end":{"line":107,"column":5}},{"start":{},"end":{}}],"line":104},"11":{"loc":{"start":{"line":105,"column":23},"end":{"line":105,"column":84}},"type":"cond-expr","locations":[{"start":{"line":105,"column":52},"end":{"line":105,"column":69}},{"start":{"line":105,"column":72},"end":{"line":105,"column":84}}],"line":105},"12":{"loc":{"start":{"line":111,"column":4},"end":{"line":111,"column":32}},"type":"if","locations":[{"start":{"line":111,"column":4},"end":{"line":111,"column":32}},{"start":{},"end":{}}],"line":111},"13":{"loc":{"start":{"line":113,"column":4},"end":{"line":125,"column":5}},"type":"if","locations":[{"start":{"line":113,"column":4},"end":{"line":125,"column":5}},{"start":{},"end":{}}],"line":113},"14":{"loc":{"start":{"line":113,"column":8},"end":{"line":113,"column":55}},"type":"binary-expr","locations":[{"start":{"line":113,"column":8},"end":{"line":113,"column":20}},{"start":{"line":113,"column":24},"end":{"line":113,"column":36}},{"start":{"line":113,"column":40},"end":{"line":113,"column":55}}],"line":113},"15":{"loc":{"start":{"line":121,"column":17},"end":{"line":121,"column":42}},"type":"binary-expr","locations":[{"start":{"line":121,"column":17},"end":{"line":121,"column":37}},{"start":{"line":121,"column":41},"end":{"line":121,"column":42}}],"line":121},"16":{"loc":{"start":{"line":127,"column":4},"end":{"line":127,"column":49}},"type":"if","locations":[{"start":{"line":127,"column":4},"end":{"line":127,"column":49}},{"start":{},"end":{}}],"line":127},"17":{"loc":{"start":{"line":127,"column":8},"end":{"line":127,"column":40}},"type":"binary-expr","locations":[{"start":{"line":127,"column":8},"end":{"line":127,"column":24}},{"start":{"line":127,"column":28},"end":{"line":127,"column":40}}],"line":127},"18":{"loc":{"start":{"line":130,"column":4},"end":{"line":130,"column":132}},"type":"if","locations":[{"start":{"line":130,"column":4},"end":{"line":130,"column":132}},{"start":{},"end":{}}],"line":130},"19":{"loc":{"start":{"line":132,"column":4},"end":{"line":163,"column":5}},"type":"if","locations":[{"start":{"line":132,"column":4},"end":{"line":163,"column":5}},{"start":{"line":140,"column":11},"end":{"line":163,"column":5}}],"line":132},"20":{"loc":{"start":{"line":133,"column":6},"end":{"line":133,"column":150}},"type":"if","locations":[{"start":{"line":133,"column":6},"end":{"line":133,"column":150}},{"start":{},"end":{}}],"line":133},"21":{"loc":{"start":{"line":134,"column":6},"end":{"line":139,"column":7}},"type":"if","locations":[{"start":{"line":134,"column":6},"end":{"line":139,"column":7}},{"start":{},"end":{}}],"line":134},"22":{"loc":{"start":{"line":140,"column":11},"end":{"line":163,"column":5}},"type":"if","locations":[{"start":{"line":140,"column":11},"end":{"line":163,"column":5}},{"start":{},"end":{}}],"line":140},"23":{"loc":{"start":{"line":142,"column":6},"end":{"line":142,"column":99}},"type":"if","locations":[{"start":{"line":142,"column":6},"end":{"line":142,"column":99}},{"start":{},"end":{}}],"line":142},"24":{"loc":{"start":{"line":144,"column":6},"end":{"line":162,"column":7}},"type":"if","locations":[{"start":{"line":144,"column":6},"end":{"line":162,"column":7}},{"start":{"line":156,"column":13},"end":{"line":162,"column":7}}],"line":144},"25":{"loc":{"start":{"line":144,"column":10},"end":{"line":144,"column":43}},"type":"binary-expr","locations":[{"start":{"line":144,"column":10},"end":{"line":144,"column":19}},{"start":{"line":144,"column":23},"end":{"line":144,"column":43}}],"line":144},"26":{"loc":{"start":{"line":148,"column":8},"end":{"line":151,"column":9}},"type":"if","locations":[{"start":{"line":148,"column":8},"end":{"line":151,"column":9}},{"start":{},"end":{}}],"line":148},"27":{"loc":{"start":{"line":150,"column":10},"end":{"line":150,"column":157}},"type":"if","locations":[{"start":{"line":150,"column":10},"end":{"line":150,"column":157}},{"start":{},"end":{}}],"line":150},"28":{"loc":{"start":{"line":152,"column":8},"end":{"line":155,"column":9}},"type":"if","locations":[{"start":{"line":152,"column":8},"end":{"line":155,"column":9}},{"start":{},"end":{}}],"line":152},"29":{"loc":{"start":{"line":154,"column":11},"end":{"line":154,"column":166}},"type":"if","locations":[{"start":{"line":154,"column":11},"end":{"line":154,"column":166}},{"start":{},"end":{}}],"line":154},"30":{"loc":{"start":{"line":158,"column":8},"end":{"line":161,"column":9}},"type":"if","locations":[{"start":{"line":158,"column":8},"end":{"line":161,"column":9}},{"start":{},"end":{}}],"line":158},"31":{"loc":{"start":{"line":160,"column":10},"end":{"line":160,"column":157}},"type":"if","locations":[{"start":{"line":160,"column":10},"end":{"line":160,"column":157}},{"start":{},"end":{}}],"line":160},"32":{"loc":{"start":{"line":165,"column":4},"end":{"line":174,"column":5}},"type":"if","locations":[{"start":{"line":165,"column":4},"end":{"line":174,"column":5}},{"start":{},"end":{}}],"line":165},"33":{"loc":{"start":{"line":166,"column":93},"end":{"line":166,"column":149}},"type":"binary-expr","locations":[{"start":{"line":166,"column":93},"end":{"line":166,"column":118}},{"start":{"line":166,"column":122},"end":{"line":166,"column":149}}],"line":166},"34":{"loc":{"start":{"line":168,"column":8},"end":{"line":172,"column":9}},"type":"if","locations":[{"start":{"line":168,"column":8},"end":{"line":172,"column":9}},{"start":{"line":170,"column":15},"end":{"line":172,"column":9}}],"line":168},"35":{"loc":{"start":{"line":170,"column":15},"end":{"line":172,"column":9}},"type":"if","locations":[{"start":{"line":170,"column":15},"end":{"line":172,"column":9}},{"start":{},"end":{}}],"line":170},"36":{"loc":{"start":{"line":181,"column":18},"end":{"line":181,"column":73}},"type":"cond-expr","locations":[{"start":{"line":181,"column":46},"end":{"line":181,"column":61}},{"start":{"line":181,"column":64},"end":{"line":181,"column":73}}],"line":181},"37":{"loc":{"start":{"line":190,"column":24},"end":{"line":190,"column":119}},"type":"cond-expr","locations":[{"start":{"line":190,"column":53},"end":{"line":190,"column":106}},{"start":{"line":190,"column":110},"end":{"line":190,"column":119}}],"line":190},"38":{"loc":{"start":{"line":190,"column":53},"end":{"line":190,"column":106}},"type":"cond-expr","locations":[{"start":{"line":190,"column":78},"end":{"line":190,"column":90}},{"start":{"line":190,"column":93},"end":{"line":190,"column":106}}],"line":190},"39":{"loc":{"start":{"line":194,"column":10},"end":{"line":194,"column":57}},"type":"if","locations":[{"start":{"line":194,"column":10},"end":{"line":194,"column":57}},{"start":{},"end":{}}],"line":194},"40":{"loc":{"start":{"line":198,"column":9},"end":{"line":215,"column":12}},"type":"binary-expr","locations":[{"start":{"line":198,"column":10},"end":{"line":198,"column":20}},{"start":{"line":198,"column":24},"end":{"line":198,"column":46}},{"start":{"line":198,"column":50},"end":{"line":198,"column":76}},{"start":{"line":198,"column":81},"end":{"line":215,"column":12}}],"line":198},"41":{"loc":{"start":{"line":199,"column":23},"end":{"line":199,"column":70}},"type":"binary-expr","locations":[{"start":{"line":199,"column":23},"end":{"line":199,"column":49}},{"start":{"line":199,"column":53},"end":{"line":199,"column":70}}],"line":199},"42":{"loc":{"start":{"line":202,"column":12},"end":{"line":202,"column":47}},"type":"if","locations":[{"start":{"line":202,"column":12},"end":{"line":202,"column":47}},{"start":{},"end":{}}],"line":202},"43":{"loc":{"start":{"line":208,"column":29},"end":{"line":208,"column":63}},"type":"cond-expr","locations":[{"start":{"line":208,"column":38},"end":{"line":208,"column":51}},{"start":{"line":208,"column":54},"end":{"line":208,"column":63}}],"line":208},"44":{"loc":{"start":{"line":209,"column":29},"end":{"line":209,"column":43}},"type":"cond-expr","locations":[{"start":{"line":209,"column":38},"end":{"line":209,"column":39}},{"start":{"line":209,"column":42},"end":{"line":209,"column":43}}],"line":209},"45":{"loc":{"start":{"line":210,"column":33},"end":{"line":210,"column":61}},"type":"cond-expr","locations":[{"start":{"line":210,"column":42},"end":{"line":210,"column":49}},{"start":{"line":210,"column":52},"end":{"line":210,"column":61}}],"line":210},"46":{"loc":{"start":{"line":211,"column":24},"end":{"line":211,"column":38}},"type":"cond-expr","locations":[{"start":{"line":211,"column":33},"end":{"line":211,"column":34}},{"start":{"line":211,"column":37},"end":{"line":211,"column":38}}],"line":211},"47":{"loc":{"start":{"line":218,"column":9},"end":{"line":253,"column":10}},"type":"binary-expr","locations":[{"start":{"line":218,"column":10},"end":{"line":218,"column":41}},{"start":{"line":218,"column":45},"end":{"line":218,"column":54}},{"start":{"line":218,"column":58},"end":{"line":218,"column":78}},{"start":{"line":218,"column":83},"end":{"line":253,"column":10}}],"line":218},"48":{"loc":{"start":{"line":220,"column":10},"end":{"line":220,"column":45}},"type":"if","locations":[{"start":{"line":220,"column":10},"end":{"line":220,"column":45}},{"start":{},"end":{}}],"line":220},"49":{"loc":{"start":{"line":230,"column":10},"end":{"line":239,"column":11}},"type":"if","locations":[{"start":{"line":230,"column":10},"end":{"line":239,"column":11}},{"start":{"line":234,"column":17},"end":{"line":239,"column":11}}],"line":230},"50":{"loc":{"start":{"line":234,"column":17},"end":{"line":239,"column":11}},"type":"if","locations":[{"start":{"line":234,"column":17},"end":{"line":239,"column":11}},{"start":{},"end":{}}],"line":234},"51":{"loc":{"start":{"line":256,"column":9},"end":{"line":272,"column":10}},"type":"binary-expr","locations":[{"start":{"line":256,"column":10},"end":{"line":256,"column":41}},{"start":{"line":256,"column":45},"end":{"line":256,"column":54}},{"start":{"line":256,"column":58},"end":{"line":256,"column":78}},{"start":{"line":256,"column":83},"end":{"line":272,"column":10}}],"line":256},"52":{"loc":{"start":{"line":257,"column":11},"end":{"line":257,"column":80}},"type":"if","locations":[{"start":{"line":257,"column":11},"end":{"line":257,"column":80}},{"start":{},"end":{}}],"line":257},"53":{"loc":{"start":{"line":257,"column":15},"end":{"line":257,"column":66}},"type":"binary-expr","locations":[{"start":{"line":257,"column":15},"end":{"line":257,"column":32}},{"start":{"line":257,"column":36},"end":{"line":257,"column":66}}],"line":257},"54":{"loc":{"start":{"line":259,"column":11},"end":{"line":259,"column":35}},"type":"if","locations":[{"start":{"line":259,"column":11},"end":{"line":259,"column":35}},{"start":{},"end":{}}],"line":259},"55":{"loc":{"start":{"line":277,"column":12},"end":{"line":277,"column":48}},"type":"if","locations":[{"start":{"line":277,"column":12},"end":{"line":277,"column":48}},{"start":{},"end":{}}],"line":277},"56":{"loc":{"start":{"line":278,"column":12},"end":{"line":278,"column":56}},"type":"if","locations":[{"start":{"line":278,"column":12},"end":{"line":278,"column":56}},{"start":{},"end":{}}],"line":278},"57":{"loc":{"start":{"line":290,"column":15},"end":{"line":294,"column":15}},"type":"binary-expr","locations":[{"start":{"line":290,"column":15},"end":{"line":290,"column":46}},{"start":{"line":291,"column":16},"end":{"line":293,"column":23}}],"line":290},"58":{"loc":{"start":{"line":298,"column":19},"end":{"line":298,"column":133}},"type":"binary-expr","locations":[{"start":{"line":298,"column":19},"end":{"line":298,"column":39}},{"start":{"line":298,"column":43},"end":{"line":298,"column":133}}],"line":298},"59":{"loc":{"start":{"line":322,"column":32},"end":{"line":322,"column":103}},"type":"cond-expr","locations":[{"start":{"line":322,"column":61},"end":{"line":322,"column":81}},{"start":{"line":322,"column":84},"end":{"line":322,"column":103}}],"line":322},"60":{"loc":{"start":{"line":325,"column":28},"end":{"line":325,"column":74}},"type":"cond-expr","locations":[{"start":{"line":325,"column":57},"end":{"line":325,"column":66}},{"start":{"line":325,"column":69},"end":{"line":325,"column":74}}],"line":325}},"s":{"0":0,"1":0,"2":0,"3":0,"4":0,"5":0,"6":0,"7":0,"8":0,"9":0,"10":0,"11":0,"12":0,"13":0,"14":0,"15":0,"16":0,"17":0,"18":0,"19":0,"20":0,"21":0,"22":0,"23":0,"24":0,"25":0,"26":0,"27":0,"28":0,"29":0,"30":0,"31":0,"32":0,"33":0,"34":0,"35":0,"36":0,"37":0,"38":0,"39":0,"40":0,"41":0,"42":0,"43":0,"44":0,"45":0,"46":0,"47":0,"48":0,"49":0,"50":0,"51":0,"52":0,"53":0,"54":0,"55":0,"56":0,"57":0,"58":0,"59":0,"60":0,"61":0,"62":0,"63":0,"64":0,"65":0,"66":0,"67":0,"68":0,"69":0,"70":0,"71":0,"72":0,"73":0,"74":0,"75":0,"76":0,"77":0,"78":0,"79":0,"80":0,"81":0,"82":0,"83":0,"84":0,"85":0,"86":0,"87":0,"88":0,"89":0,"90":0,"91":0,"92":0,"93":0,"94":0,"95":0,"96":0,"97":0,"98":0,"99":0,"100":0,"101":0,"102":0,"103":0,"104":0,"105":0,"106":0,"107":0,"108":0,"109":0,"110":0,"111":0,"112":0,"113":0,"114":0,"115":0,"116":0,"117":0,"118":0,"119":0,"120":0,"121":0},"f":{"0":0,"1":0,"2":0,"3":0,"4":0,"5":0,"6":0,"7":0,"8":0,"9":0,"10":0,"11":0,"12":0,"13":0,"14":0,"15":0,"16":0,"17":0,"18":0,"19":0,"20":0,"21":0,"22":0},"b":{"0":[0,0,0,0,0,0,0],"1":[0],"2":[0],"3":[0],"4":[0],"5":[0],"6":[0,0],"7":[0,0],"8":[0,0],"9":[0,0],"10":[0,0],"11":[0,0],"12":[0,0],"13":[0,0],"14":[0,0,0],"15":[0,0],"16":[0,0],"17":[0,0],"18":[0,0],"19":[0,0],"20":[0,0],"21":[0,0],"22":[0,0],"23":[0,0],"24":[0,0],"25":[0,0],"26":[0,0],"27":[0,0],"28":[0,0],"29":[0,0],"30":[0,0],"31":[0,0],"32":[0,0],"33":[0,0],"34":[0,0],"35":[0,0],"36":[0,0],"37":[0,0],"38":[0,0],"39":[0,0],"40":[0,0,0,0],"41":[0,0],"42":[0,0],"43":[0,0],"44":[0,0],"45":[0,0],"46":[0,0],"47":[0,0,0,0],"48":[0,0],"49":[0,0],"50":[0,0],"51":[0,0,0,0],"52":[0,0],"53":[0,0],"54":[0,0],"55":[0,0],"56":[0,0],"57":[0,0],"58":[0,0],"59":[0,0],"60":[0,0]}}
,"/Users/douglasoliveira/Desktop/RotaBus-API/frontend/src/components/Map.web.tsx": {"path":"/Users/douglasoliveira/Desktop/RotaBus-API/frontend/src/components/Map.web.tsx","statementMap":{"0":{"start":{"line":25,"column":32},"end":{"line":33,"column":1}},"1":{"start":{"line":26,"column":2},"end":{"line":32,"column":4}},"2":{"start":{"line":35,"column":15},"end":{"line":59,"column":2}}},"fnMap":{"0":{"name":"(anonymous_0)","decl":{"start":{"line":25,"column":32},"end":{"line":25,"column":33}},"loc":{"start":{"line":25,"column":38},"end":{"line":33,"column":1}},"line":25}},"branchMap":{},"s":{"0":0,"1":0,"2":0},"f":{"0":0},"b":{}}
,"/Users/douglasoliveira/Desktop/RotaBus-API/frontend/src/components/PrimaryButton.tsx": {"path":"/Users/douglasoliveira/Desktop/RotaBus-API/frontend/src/components/PrimaryButton.tsx","statementMap":{"0":{"start":{"line":22,"column":16},"end":{"line":22,"column":32}},"1":{"start":{"line":23,"column":21},"end":{"line":23,"column":42}},"2":{"start":{"line":25,"column":2},"end":{"line":49,"column":4}},"3":{"start":{"line":52,"column":15},"end":{"line":74,"column":2}}},"fnMap":{"0":{"name":"PrimaryButton","decl":{"start":{"line":14,"column":16},"end":{"line":14,"column":29}},"loc":{"start":{"line":21,"column":23},"end":{"line":50,"column":1}},"line":21}},"branchMap":{"0":{"loc":{"start":{"line":17,"column":2},"end":{"line":17,"column":19}},"type":"default-arg","locations":[{"start":{"line":17,"column":14},"end":{"line":17,"column":19}}],"line":17},"1":{"loc":{"start":{"line":18,"column":2},"end":{"line":18,"column":18}},"type":"default-arg","locations":[{"start":{"line":18,"column":13},"end":{"line":18,"column":18}}],"line":18},"2":{"loc":{"start":{"line":23,"column":21},"end":{"line":23,"column":42}},"type":"binary-expr","locations":[{"start":{"line":23,"column":21},"end":{"line":23,"column":29}},{"start":{"line":23,"column":33},"end":{"line":23,"column":42}}],"line":23},"3":{"loc":{"start":{"line":30,"column":8},"end":{"line":30,"column":43}},"type":"binary-expr","locations":[{"start":{"line":30,"column":8},"end":{"line":30,"column":18}},{"start":{"line":30,"column":22},"end":{"line":30,"column":43}}],"line":30},"4":{"loc":{"start":{"line":36,"column":26},"end":{"line":36,"column":53}},"type":"binary-expr","locations":[{"start":{"line":36,"column":26},"end":{"line":36,"column":44}},{"start":{"line":36,"column":48},"end":{"line":36,"column":53}}],"line":36},"5":{"loc":{"start":{"line":38,"column":7},"end":{"line":47,"column":7}},"type":"cond-expr","locations":[{"start":{"line":39,"column":8},"end":{"line":39,"column":49}},{"start":{"line":41,"column":8},"end":{"line":46,"column":15}}],"line":38}},"s":{"0":0,"1":0,"2":0,"3":0},"f":{"0":0},"b":{"0":[0],"1":[0],"2":[0,0],"3":[0,0],"4":[0,0],"5":[0,0]}}
,"/Users/douglasoliveira/Desktop/RotaBus-API/frontend/src/components/RouteStep.tsx": {"path":"/Users/douglasoliveira/Desktop/RotaBus-API/frontend/src/components/RouteStep.tsx","statementMap":{"0":{"start":{"line":16,"column":25},"end":{"line":73,"column":1}},"1":{"start":{"line":25,"column":18},"end":{"line":32,"column":3}},"2":{"start":{"line":26,"column":4},"end":{"line":31,"column":5}},"3":{"start":{"line":27,"column":18},"end":{"line":27,"column":80}},"4":{"start":{"line":28,"column":21},"end":{"line":28,"column":84}},"5":{"start":{"line":29,"column":20},"end":{"line":29,"column":83}},"6":{"start":{"line":30,"column":15},"end":{"line":30,"column":27}},"7":{"start":{"line":34,"column":22},"end":{"line":40,"column":3}},"8":{"start":{"line":35,"column":4},"end":{"line":39,"column":5}},"9":{"start":{"line":36,"column":18},"end":{"line":36,"column":43}},"10":{"start":{"line":37,"column":21},"end":{"line":37,"column":49}},"11":{"start":{"line":38,"column":15},"end":{"line":38,"column":43}},"12":{"start":{"line":42,"column":2},"end":{"line":72,"column":4}},"13":{"start":{"line":75,"column":15},"end":{"line":162,"column":2}}},"fnMap":{"0":{"name":"(anonymous_0)","decl":{"start":{"line":16,"column":25},"end":{"line":16,"column":26}},"loc":{"start":{"line":24,"column":24},"end":{"line":73,"column":1}},"line":24},"1":{"name":"(anonymous_1)","decl":{"start":{"line":25,"column":18},"end":{"line":25,"column":19}},"loc":{"start":{"line":25,"column":24},"end":{"line":32,"column":3}},"line":25},"2":{"name":"(anonymous_2)","decl":{"start":{"line":34,"column":22},"end":{"line":34,"column":23}},"loc":{"start":{"line":34,"column":28},"end":{"line":40,"column":3}},"line":34}},"branchMap":{"0":{"loc":{"start":{"line":26,"column":4},"end":{"line":31,"column":5}},"type":"switch","locations":[{"start":{"line":27,"column":6},"end":{"line":27,"column":80}},{"start":{"line":28,"column":6},"end":{"line":28,"column":84}},{"start":{"line":29,"column":6},"end":{"line":29,"column":83}},{"start":{"line":30,"column":6},"end":{"line":30,"column":27}}],"line":26},"1":{"loc":{"start":{"line":35,"column":4},"end":{"line":39,"column":5}},"type":"switch","locations":[{"start":{"line":36,"column":6},"end":{"line":36,"column":43}},{"start":{"line":37,"column":6},"end":{"line":37,"column":49}},{"start":{"line":38,"column":6},"end":{"line":38,"column":43}}],"line":35},"2":{"loc":{"start":{"line":43,"column":34},"end":{"line":43,"column":63}},"type":"binary-expr","locations":[{"start":{"line":43,"column":34},"end":{"line":43,"column":40}},{"start":{"line":43,"column":44},"end":{"line":43,"column":63}}],"line":43},"3":{"loc":{"start":{"line":45,"column":9},"end":{"line":45,"column":52}},"type":"binary-expr","locations":[{"start":{"line":45,"column":9},"end":{"line":45,"column":16}},{"start":{"line":45,"column":20},"end":{"line":45,"column":52}}],"line":45},"4":{"loc":{"start":{"line":56,"column":9},"end":{"line":69,"column":9}},"type":"cond-expr","locations":[{"start":{"line":57,"column":10},"end":{"line":66,"column":17}},{"start":{"line":68,"column":10},"end":{"line":68,"column":95}}],"line":56}},"s":{"0":0,"1":0,"2":0,"3":0,"4":0,"5":0,"6":0,"7":0,"8":0,"9":0,"10":0,"11":0,"12":0,"13":0},"f":{"0":0,"1":0,"2":0},"b":{"0":[0,0,0,0],"1":[0,0,0],"2":[0,0],"3":[0,0],"4":[0,0]}}
,"/Users/douglasoliveira/Desktop/RotaBus-API/frontend/src/components/ScreenContainer.tsx": {"path":"/Users/douglasoliveira/Desktop/RotaBus-API/frontend/src/components/ScreenContainer.tsx","statementMap":{"0":{"start":{"line":23,"column":17},"end":{"line":23,"column":36}},"1":{"start":{"line":24,"column":16},"end":{"line":24,"column":32}},"2":{"start":{"line":25,"column":22},"end":{"line":25,"column":38}},"3":{"start":{"line":27,"column":2},"end":{"line":33,"column":4}},"4":{"start":{"line":29,"column":6},"end":{"line":31,"column":8}},"5":{"start":{"line":30,"column":8},"end":{"line":30,"column":23}},"6":{"start":{"line":35,"column":2},"end":{"line":54,"column":4}},"7":{"start":{"line":57,"column":15},"end":{"line":68,"column":2}}},"fnMap":{"0":{"name":"ScreenContainer","decl":{"start":{"line":17,"column":16},"end":{"line":17,"column":31}},"loc":{"start":{"line":22,"column":25},"end":{"line":55,"column":1}},"line":22},"1":{"name":"(anonymous_1)","decl":{"start":{"line":28,"column":16},"end":{"line":28,"column":17}},"loc":{"start":{"line":28,"column":22},"end":{"line":32,"column":5}},"line":28},"2":{"name":"(anonymous_2)","decl":{"start":{"line":29,"column":13},"end":{"line":29,"column":14}},"loc":{"start":{"line":29,"column":19},"end":{"line":31,"column":7}},"line":29}},"branchMap":{"0":{"loc":{"start":{"line":20,"column":2},"end":{"line":20,"column":20}},"type":"default-arg","locations":[{"start":{"line":20,"column":16},"end":{"line":20,"column":20}}],"line":20},"1":{"loc":{"start":{"line":44,"column":27},"end":{"line":44,"column":62}},"type":"binary-expr","locations":[{"start":{"line":44,"column":27},"end":{"line":44,"column":42}},{"start":{"line":44,"column":46},"end":{"line":44,"column":62}}],"line":44},"2":{"loc":{"start":{"line":49,"column":27},"end":{"line":49,"column":84}},"type":"cond-expr","locations":[{"start":{"line":49,"column":52},"end":{"line":49,"column":67}},{"start":{"line":49,"column":70},"end":{"line":49,"column":84}}],"line":49},"3":{"loc":{"start":{"line":50,"column":34},"end":{"line":50,"column":67}},"type":"binary-expr","locations":[{"start":{"line":50,"column":34},"end":{"line":50,"column":45}},{"start":{"line":50,"column":49},"end":{"line":50,"column":67}}],"line":50}},"s":{"0":0,"1":0,"2":0,"3":0,"4":0,"5":0,"6":0,"7":0},"f":{"0":0,"1":0,"2":0},"b":{"0":[0],"1":[0,0],"2":[0,0],"3":[0,0]}}
,"/Users/douglasoliveira/Desktop/RotaBus-API/frontend/src/components/TextField.tsx": {"path":"/Users/douglasoliveira/Desktop/RotaBus-API/frontend/src/components/TextField.tsx","statementMap":{"0":{"start":{"line":9,"column":25},"end":{"line":31,"column":2}},"1":{"start":{"line":10,"column":16},"end":{"line":10,"column":32}},"2":{"start":{"line":12,"column":2},"end":{"line":30,"column":4}},"3":{"start":{"line":33,"column":0},"end":{"line":33,"column":36}},"4":{"start":{"line":35,"column":15},"end":{"line":53,"column":2}}},"fnMap":{"0":{"name":"(anonymous_0)","decl":{"start":{"line":9,"column":63},"end":{"line":9,"column":64}},"loc":{"start":{"line":9,"column":100},"end":{"line":31,"column":1}},"line":9}},"branchMap":{"0":{"loc":{"start":{"line":14,"column":7},"end":{"line":14,"column":82}},"type":"binary-expr","locations":[{"start":{"line":14,"column":7},"end":{"line":14,"column":12}},{"start":{"line":14,"column":16},"end":{"line":14,"column":82}}],"line":14}},"s":{"0":0,"1":0,"2":0,"3":0,"4":0},"f":{"0":0},"b":{"0":[0,0]}}
,"/Users/douglasoliveira/Desktop/RotaBus-API/frontend/src/components/VoiceHoldButton.tsx": {"path":"/Users/douglasoliveira/Desktop/RotaBus-API/frontend/src/components/VoiceHoldButton.tsx","statementMap":{"0":{"start":{"line":15,"column":63},"end":{"line":57,"column":1}},"1":{"start":{"line":20,"column":16},"end":{"line":20,"column":32}},"2":{"start":{"line":21,"column":16},"end":{"line":21,"column":33}},"3":{"start":{"line":23,"column":24},"end":{"line":25,"column":5}},"4":{"start":{"line":23,"column":48},"end":{"line":25,"column":3}},"5":{"start":{"line":27,"column":24},"end":{"line":31,"column":3}},"6":{"start":{"line":28,"column":4},"end":{"line":28,"column":34}},"7":{"start":{"line":29,"column":4},"end":{"line":29,"column":30}},"8":{"start":{"line":30,"column":4},"end":{"line":30,"column":16}},"9":{"start":{"line":33,"column":25},"end":{"line":36,"column":3}},"10":{"start":{"line":34,"column":4},"end":{"line":34,"column":32}},"11":{"start":{"line":35,"column":4},"end":{"line":35,"column":17}},"12":{"start":{"line":38,"column":2},"end":{"line":56,"column":4}},"13":{"start":{"line":59,"column":15},"end":{"line":83,"column":2}}},"fnMap":{"0":{"name":"(anonymous_0)","decl":{"start":{"line":15,"column":63},"end":{"line":15,"column":64}},"loc":{"start":{"line":19,"column":6},"end":{"line":57,"column":1}},"line":19},"1":{"name":"(anonymous_1)","decl":{"start":{"line":23,"column":41},"end":{"line":23,"column":42}},"loc":{"start":{"line":23,"column":48},"end":{"line":25,"column":3}},"line":23},"2":{"name":"(anonymous_2)","decl":{"start":{"line":27,"column":24},"end":{"line":27,"column":25}},"loc":{"start":{"line":27,"column":30},"end":{"line":31,"column":3}},"line":27},"3":{"name":"(anonymous_3)","decl":{"start":{"line":33,"column":25},"end":{"line":33,"column":26}},"loc":{"start":{"line":33,"column":31},"end":{"line":36,"column":3}},"line":33}},"branchMap":{"0":{"loc":{"start":{"line":40,"column":77},"end":{"line":40,"column":122}},"type":"cond-expr","locations":[{"start":{"line":40,"column":88},"end":{"line":40,"column":101}},{"start":{"line":40,"column":104},"end":{"line":40,"column":122}}],"line":40},"1":{"loc":{"start":{"line":49,"column":18},"end":{"line":49,"column":64}},"type":"cond-expr","locations":[{"start":{"line":49,"column":29},"end":{"line":49,"column":41}},{"start":{"line":49,"column":44},"end":{"line":49,"column":64}}],"line":49},"2":{"loc":{"start":{"line":51,"column":19},"end":{"line":51,"column":53}},"type":"cond-expr","locations":[{"start":{"line":51,"column":30},"end":{"line":51,"column":37}},{"start":{"line":51,"column":40},"end":{"line":51,"column":53}}],"line":51}},"s":{"0":0,"1":0,"2":0,"3":0,"4":0,"5":0,"6":0,"7":0,"8":0,"9":0,"10":0,"11":0,"12":0,"13":0},"f":{"0":0,"1":0,"2":0,"3":0},"b":{"0":[0,0],"1":[0,0],"2":[0,0]}}
,"/Users/douglasoliveira/Desktop/RotaBus-API/frontend/src/components/VoiceOrb.tsx": {"path":"/Users/douglasoliveira/Desktop/RotaBus-API/frontend/src/components/VoiceOrb.tsx","statementMap":{"0":{"start":{"line":23,"column":18},"end":{"line":49,"column":1}},"1":{"start":{"line":24,"column":16},"end":{"line":24,"column":33}},"2":{"start":{"line":26,"column":2},"end":{"line":39,"column":21}},"3":{"start":{"line":27,"column":4},"end":{"line":38,"column":5}},"4":{"start":{"line":28,"column":6},"end":{"line":35,"column":8}},"5":{"start":{"line":37,"column":6},"end":{"line":37,"column":53}},"6":{"start":{"line":41,"column":24},"end":{"line":46,"column":4}},"7":{"start":{"line":42,"column":4},"end":{"line":45,"column":6}},"8":{"start":{"line":48,"column":2},"end":{"line":48,"column":119}},"9":{"start":{"line":51,"column":49},"end":{"line":107,"column":1}},"10":{"start":{"line":52,"column":16},"end":{"line":52,"column":33}},"11":{"start":{"line":53,"column":19},"end":{"line":53,"column":36}},"12":{"start":{"line":55,"column":2},"end":{"line":78,"column":14}},"13":{"start":{"line":56,"column":4},"end":{"line":77,"column":5}},"14":{"start":{"line":57,"column":6},"end":{"line":61,"column":8}},"15":{"start":{"line":62,"column":11},"end":{"line":77,"column":5}},"16":{"start":{"line":63,"column":6},"end":{"line":67,"column":8}},"17":{"start":{"line":68,"column":6},"end":{"line":72,"column":8}},"18":{"start":{"line":74,"column":6},"end":{"line":74,"column":34}},"19":{"start":{"line":75,"column":6},"end":{"line":75,"column":32}},"20":{"start":{"line":76,"column":6},"end":{"line":76,"column":25}},"21":{"start":{"line":80,"column":23},"end":{"line":88,"column":4}},"22":{"start":{"line":81,"column":4},"end":{"line":87,"column":6}},"23":{"start":{"line":90,"column":2},"end":{"line":106,"column":4}},"24":{"start":{"line":109,"column":15},"end":{"line":137,"column":2}}},"fnMap":{"0":{"name":"(anonymous_0)","decl":{"start":{"line":23,"column":18},"end":{"line":23,"column":19}},"loc":{"start":{"line":23,"column":101},"end":{"line":49,"column":1}},"line":23},"1":{"name":"(anonymous_1)","decl":{"start":{"line":26,"column":12},"end":{"line":26,"column":13}},"loc":{"start":{"line":26,"column":18},"end":{"line":39,"column":3}},"line":26},"2":{"name":"(anonymous_2)","decl":{"start":{"line":41,"column":41},"end":{"line":41,"column":42}},"loc":{"start":{"line":41,"column":47},"end":{"line":46,"column":3}},"line":41},"3":{"name":"(anonymous_3)","decl":{"start":{"line":51,"column":49},"end":{"line":51,"column":50}},"loc":{"start":{"line":51,"column":76},"end":{"line":107,"column":1}},"line":51},"4":{"name":"(anonymous_4)","decl":{"start":{"line":55,"column":12},"end":{"line":55,"column":13}},"loc":{"start":{"line":55,"column":18},"end":{"line":78,"column":3}},"line":55},"5":{"name":"(anonymous_5)","decl":{"start":{"line":80,"column":40},"end":{"line":80,"column":41}},"loc":{"start":{"line":80,"column":46},"end":{"line":88,"column":3}},"line":80}},"branchMap":{"0":{"loc":{"start":{"line":27,"column":4},"end":{"line":38,"column":5}},"type":"if","locations":[{"start":{"line":27,"column":4},"end":{"line":38,"column":5}},{"start":{"line":36,"column":11},"end":{"line":38,"column":5}}],"line":27},"1":{"loc":{"start":{"line":51,"column":59},"end":{"line":51,"column":69}},"type":"default-arg","locations":[{"start":{"line":51,"column":66},"end":{"line":51,"column":69}}],"line":51},"2":{"loc":{"start":{"line":56,"column":4},"end":{"line":77,"column":5}},"type":"if","locations":[{"start":{"line":56,"column":4},"end":{"line":77,"column":5}},{"start":{"line":62,"column":11},"end":{"line":77,"column":5}}],"line":56},"3":{"loc":{"start":{"line":62,"column":11},"end":{"line":77,"column":5}},"type":"if","locations":[{"start":{"line":62,"column":11},"end":{"line":77,"column":5}},{"start":{"line":73,"column":11},"end":{"line":77,"column":5}}],"line":62},"4":{"loc":{"start":{"line":86,"column":23},"end":{"line":86,"column":73}},"type":"cond-expr","locations":[{"start":{"line":86,"column":43},"end":{"line":86,"column":56}},{"start":{"line":86,"column":59},"end":{"line":86,"column":73}}],"line":86},"5":{"loc":{"start":{"line":92,"column":7},"end":{"line":98,"column":7}},"type":"binary-expr","locations":[{"start":{"line":92,"column":7},"end":{"line":92,"column":28}},{"start":{"line":93,"column":8},"end":{"line":97,"column":11}}],"line":92},"6":{"loc":{"start":{"line":101,"column":9},"end":{"line":103,"column":9}},"type":"binary-expr","locations":[{"start":{"line":101,"column":9},"end":{"line":101,"column":31}},{"start":{"line":102,"column":10},"end":{"line":102,"column":52}}],"line":101}},"s":{"0":0,"1":0,"2":0,"3":0,"4":0,"5":0,"6":0,"7":0,"8":0,"9":0,"10":0,"11":0,"12":0,"13":0,"14":0,"15":0,"16":0,"17":0,"18":0,"19":0,"20":0,"21":0,"22":0,"23":0,"24":0},"f":{"0":0,"1":0,"2":0,"3":0,"4":0,"5":0},"b":{"0":[0,0],"1":[0],"2":[0,0],"3":[0,0],"4":[0,0],"5":[0,0],"6":[0,0]}}
,"/Users/douglasoliveira/Desktop/RotaBus-API/frontend/src/config/api.config.ts": {"path":"/Users/douglasoliveira/Desktop/RotaBus-API/frontend/src/config/api.config.ts","statementMap":{"0":{"start":{"line":4,"column":25},"end":{"line":4,"column":40}},"1":{"start":{"line":7,"column":2},"end":{"line":24,"column":3}},"2":{"start":{"line":9,"column":4},"end":{"line":11,"column":5}},"3":{"start":{"line":10,"column":6},"end":{"line":10,"column":37}},"4":{"start":{"line":14,"column":4},"end":{"line":16,"column":5}},"5":{"start":{"line":15,"column":6},"end":{"line":15,"column":36}},"6":{"start":{"line":19,"column":4},"end":{"line":21,"column":5}},"7":{"start":{"line":20,"column":6},"end":{"line":20,"column":47}},"8":{"start":{"line":23,"column":4},"end":{"line":23,"column":45}},"9":{"start":{"line":28,"column":2},"end":{"line":28,"column":37}},"10":{"start":{"line":31,"column":28},"end":{"line":31,"column":40}},"11":{"start":{"line":33,"column":0},"end":{"line":33,"column":51}}},"fnMap":{"0":{"name":"getBaseUrl","decl":{"start":{"line":6,"column":9},"end":{"line":6,"column":19}},"loc":{"start":{"line":6,"column":22},"end":{"line":29,"column":1}},"line":6}},"branchMap":{"0":{"loc":{"start":{"line":7,"column":2},"end":{"line":24,"column":3}},"type":"if","locations":[{"start":{"line":7,"column":2},"end":{"line":24,"column":3}},{"start":{},"end":{}}],"line":7},"1":{"loc":{"start":{"line":9,"column":4},"end":{"line":11,"column":5}},"type":"if","locations":[{"start":{"line":9,"column":4},"end":{"line":11,"column":5}},{"start":{},"end":{}}],"line":9},"2":{"loc":{"start":{"line":9,"column":8},"end":{"line":9,"column":49}},"type":"binary-expr","locations":[{"start":{"line":9,"column":8},"end":{"line":9,"column":29}},{"start":{"line":9,"column":33},"end":{"line":9,"column":49}}],"line":9},"3":{"loc":{"start":{"line":14,"column":4},"end":{"line":16,"column":5}},"type":"if","locations":[{"start":{"line":14,"column":4},"end":{"line":16,"column":5}},{"start":{},"end":{}}],"line":14},"4":{"loc":{"start":{"line":14,"column":8},"end":{"line":14,"column":53}},"type":"binary-expr","locations":[{"start":{"line":14,"column":8},"end":{"line":14,"column":33}},{"start":{"line":14,"column":37},"end":{"line":14,"column":53}}],"line":14},"5":{"loc":{"start":{"line":19,"column":4},"end":{"line":21,"column":5}},"type":"if","locations":[{"start":{"line":19,"column":4},"end":{"line":21,"column":5}},{"start":{},"end":{}}],"line":19}},"s":{"0":0,"1":0,"2":0,"3":0,"4":0,"5":0,"6":0,"7":0,"8":0,"9":0,"10":0,"11":0},"f":{"0":0},"b":{"0":[0,0],"1":[0,0],"2":[0,0],"3":[0,0],"4":[0,0],"5":[0,0]}}
,"/Users/douglasoliveira/Desktop/RotaBus-API/frontend/src/config/sentry.config.ts": {"path":"/Users/douglasoliveira/Desktop/RotaBus-API/frontend/src/config/sentry.config.ts","statementMap":{"0":{"start":{"line":9,"column":14},"end":{"line":9,"column":52}},"1":{"start":{"line":11,"column":2},"end":{"line":13,"column":3}},"2":{"start":{"line":12,"column":4},"end":{"line":12,"column":62}},"3":{"start":{"line":15,"column":2},"end":{"line":23,"column":5}},"4":{"start":{"line":25,"column":2},"end":{"line":27,"column":3}},"5":{"start":{"line":26,"column":4},"end":{"line":26,"column":68}},"6":{"start":{"line":35,"column":2},"end":{"line":40,"column":5}},"7":{"start":{"line":36,"column":4},"end":{"line":38,"column":5}},"8":{"start":{"line":37,"column":6},"end":{"line":37,"column":31}},"9":{"start":{"line":39,"column":4},"end":{"line":39,"column":35}}},"fnMap":{"0":{"name":"initSentry","decl":{"start":{"line":8,"column":16},"end":{"line":8,"column":26}},"loc":{"start":{"line":8,"column":29},"end":{"line":28,"column":1}},"line":8},"1":{"name":"captureException","decl":{"start":{"line":34,"column":16},"end":{"line":34,"column":32}},"loc":{"start":{"line":34,"column":60},"end":{"line":41,"column":1}},"line":34},"2":{"name":"(anonymous_2)","decl":{"start":{"line":35,"column":19},"end":{"line":35,"column":20}},"loc":{"start":{"line":35,"column":30},"end":{"line":40,"column":3}},"line":35}},"branchMap":{"0":{"loc":{"start":{"line":11,"column":2},"end":{"line":13,"column":3}},"type":"if","locations":[{"start":{"line":11,"column":2},"end":{"line":13,"column":3}},{"start":{},"end":{}}],"line":11},"1":{"loc":{"start":{"line":11,"column":6},"end":{"line":11,"column":22}},"type":"binary-expr","locations":[{"start":{"line":11,"column":6},"end":{"line":11,"column":10}},{"start":{"line":11,"column":14},"end":{"line":11,"column":22}}],"line":11},"2":{"loc":{"start":{"line":16,"column":9},"end":{"line":16,"column":18}},"type":"binary-expr","locations":[{"start":{"line":16,"column":9},"end":{"line":16,"column":12}},{"start":{"line":16,"column":16},"end":{"line":16,"column":18}}],"line":16},"3":{"loc":{"start":{"line":19,"column":17},"end":{"line":19,"column":55}},"type":"cond-expr","locations":[{"start":{"line":19,"column":27},"end":{"line":19,"column":40}},{"start":{"line":19,"column":43},"end":{"line":19,"column":55}}],"line":19},"4":{"loc":{"start":{"line":25,"column":2},"end":{"line":27,"column":3}},"type":"if","locations":[{"start":{"line":25,"column":2},"end":{"line":27,"column":3}},{"start":{},"end":{}}],"line":25},"5":{"loc":{"start":{"line":25,"column":6},"end":{"line":25,"column":21}},"type":"binary-expr","locations":[{"start":{"line":25,"column":6},"end":{"line":25,"column":9}},{"start":{"line":25,"column":13},"end":{"line":25,"column":21}}],"line":25},"6":{"loc":{"start":{"line":36,"column":4},"end":{"line":38,"column":5}},"type":"if","locations":[{"start":{"line":36,"column":4},"end":{"line":38,"column":5}},{"start":{},"end":{}}],"line":36}},"s":{"0":0,"1":0,"2":0,"3":0,"4":0,"5":0,"6":0,"7":0,"8":0,"9":0},"f":{"0":0,"1":0,"2":0},"b":{"0":[0,0],"1":[0,0],"2":[0,0],"3":[0,0],"4":[0,0],"5":[0,0],"6":[0,0]}}
,"/Users/douglasoliveira/Desktop/RotaBus-API/frontend/src/config/voice.config.ts": {"path":"/Users/douglasoliveira/Desktop/RotaBus-API/frontend/src/config/voice.config.ts","statementMap":{"0":{"start":{"line":1,"column":28},"end":{"line":20,"column":1}}},"fnMap":{},"branchMap":{},"s":{"0":0},"f":{},"b":{}}
,"/Users/douglasoliveira/Desktop/RotaBus-API/frontend/src/constants/storage.ts": {"path":"/Users/douglasoliveira/Desktop/RotaBus-API/frontend/src/constants/storage.ts","statementMap":{"0":{"start":{"line":1,"column":28},"end":{"line":3,"column":1}}},"fnMap":{},"branchMap":{},"s":{"0":0},"f":{},"b":{}}
,"/Users/douglasoliveira/Desktop/RotaBus-API/frontend/src/contexts/AccessibilityContext.tsx": {"path":"/Users/douglasoliveira/Desktop/RotaBus-API/frontend/src/contexts/AccessibilityContext.tsx","statementMap":{"0":{"start":{"line":19,"column":29},"end":{"line":21,"column":1}},"1":{"start":{"line":23,"column":47},"end":{"line":29,"column":1}},"2":{"start":{"line":32,"column":16},"end":{"line":46,"column":1}},"3":{"start":{"line":34,"column":4},"end":{"line":37,"column":5}},"4":{"start":{"line":35,"column":6},"end":{"line":35,"column":71}},"5":{"start":{"line":36,"column":6},"end":{"line":36,"column":13}},"6":{"start":{"line":38,"column":4},"end":{"line":38,"column":79}},"7":{"start":{"line":41,"column":4},"end":{"line":43,"column":5}},"8":{"start":{"line":42,"column":6},"end":{"line":42,"column":71}},"9":{"start":{"line":44,"column":4},"end":{"line":44,"column":79}},"10":{"start":{"line":49,"column":34},"end":{"line":49,"column":82}},"11":{"start":{"line":50,"column":36},"end":{"line":50,"column":50}},"12":{"start":{"line":52,"column":2},"end":{"line":66,"column":9}},"13":{"start":{"line":54,"column":6},"end":{"line":63,"column":7}},"14":{"start":{"line":55,"column":22},"end":{"line":55,"column":45}},"15":{"start":{"line":56,"column":8},"end":{"line":58,"column":9}},"16":{"start":{"line":57,"column":10},"end":{"line":57,"column":41}},"17":{"start":{"line":60,"column":8},"end":{"line":60,"column":63}},"18":{"start":{"line":62,"column":8},"end":{"line":62,"column":28}},"19":{"start":{"line":65,"column":4},"end":{"line":65,"column":19}},"20":{"start":{"line":68,"column":25},"end":{"line":76,"column":3}},"21":{"start":{"line":69,"column":4},"end":{"line":75,"column":5}},"22":{"start":{"line":70,"column":22},"end":{"line":70,"column":53}},"23":{"start":{"line":71,"column":6},"end":{"line":71,"column":27}},"24":{"start":{"line":72,"column":6},"end":{"line":72,"column":53}},"25":{"start":{"line":74,"column":6},"end":{"line":74,"column":59}},"26":{"start":{"line":78,"column":2},"end":{"line":88,"column":4}},"27":{"start":{"line":92,"column":18},"end":{"line":92,"column":50}},"28":{"start":{"line":93,"column":2},"end":{"line":95,"column":3}},"29":{"start":{"line":94,"column":4},"end":{"line":94,"column":85}},"30":{"start":{"line":96,"column":2},"end":{"line":96,"column":17}}},"fnMap":{"0":{"name":"(anonymous_0)","decl":{"start":{"line":33,"column":2},"end":{"line":33,"column":3}},"loc":{"start":{"line":33,"column":31},"end":{"line":39,"column":3}},"line":33},"1":{"name":"(anonymous_1)","decl":{"start":{"line":40,"column":2},"end":{"line":40,"column":3}},"loc":{"start":{"line":40,"column":18},"end":{"line":45,"column":3}},"line":40},"2":{"name":"AccessibilityProvider","decl":{"start":{"line":48,"column":16},"end":{"line":48,"column":37}},"loc":{"start":{"line":48,"column":83},"end":{"line":89,"column":1}},"line":48},"3":{"name":"(anonymous_3)","decl":{"start":{"line":52,"column":12},"end":{"line":52,"column":13}},"loc":{"start":{"line":52,"column":18},"end":{"line":66,"column":3}},"line":52},"4":{"name":"loadSettings","decl":{"start":{"line":53,"column":19},"end":{"line":53,"column":31}},"loc":{"start":{"line":53,"column":34},"end":{"line":64,"column":5}},"line":53},"5":{"name":"(anonymous_5)","decl":{"start":{"line":68,"column":25},"end":{"line":68,"column":26}},"loc":{"start":{"line":68,"column":80},"end":{"line":76,"column":3}},"line":68},"6":{"name":"useAccessibility","decl":{"start":{"line":91,"column":16},"end":{"line":91,"column":32}},"loc":{"start":{"line":91,"column":35},"end":{"line":97,"column":1}},"line":91}},"branchMap":{"0":{"loc":{"start":{"line":34,"column":4},"end":{"line":37,"column":5}},"type":"if","locations":[{"start":{"line":34,"column":4},"end":{"line":37,"column":5}},{"start":{},"end":{}}],"line":34},"1":{"loc":{"start":{"line":41,"column":4},"end":{"line":43,"column":5}},"type":"if","locations":[{"start":{"line":41,"column":4},"end":{"line":43,"column":5}},{"start":{},"end":{}}],"line":41},"2":{"loc":{"start":{"line":56,"column":8},"end":{"line":58,"column":9}},"type":"if","locations":[{"start":{"line":56,"column":8},"end":{"line":58,"column":9}},{"start":{},"end":{}}],"line":56},"3":{"loc":{"start":{"line":93,"column":2},"end":{"line":95,"column":3}},"type":"if","locations":[{"start":{"line":93,"column":2},"end":{"line":95,"column":3}},{"start":{},"end":{}}],"line":93}},"s":{"0":0,"1":0,"2":0,"3":0,"4":0,"5":0,"6":0,"7":0,"8":0,"9":0,"10":0,"11":0,"12":0,"13":0,"14":0,"15":0,"16":0,"17":0,"18":0,"19":0,"20":0,"21":0,"22":0,"23":0,"24":0,"25":0,"26":0,"27":0,"28":0,"29":0,"30":0},"f":{"0":0,"1":0,"2":0,"3":0,"4":0,"5":0,"6":0},"b":{"0":[0,0],"1":[0,0],"2":[0,0],"3":[0,0]}}
,"/Users/douglasoliveira/Desktop/RotaBus-API/frontend/src/hooks/useAutoSpeak.ts": {"path":"/Users/douglasoliveira/Desktop/RotaBus-API/frontend/src/hooks/useAutoSpeak.ts","statementMap":{"0":{"start":{"line":8,"column":23},"end":{"line":8,"column":41}},"1":{"start":{"line":10,"column":2},"end":{"line":22,"column":4}},"2":{"start":{"line":12,"column":6},"end":{"line":14,"column":7}},"3":{"start":{"line":13,"column":8},"end":{"line":13,"column":15}},"4":{"start":{"line":16,"column":6},"end":{"line":16,"column":21}},"5":{"start":{"line":18,"column":6},"end":{"line":20,"column":8}},"6":{"start":{"line":19,"column":8},"end":{"line":19,"column":23}}},"fnMap":{"0":{"name":"useAutoSpeak","decl":{"start":{"line":7,"column":16},"end":{"line":7,"column":28}},"loc":{"start":{"line":7,"column":46},"end":{"line":23,"column":1}},"line":7},"1":{"name":"(anonymous_1)","decl":{"start":{"line":11,"column":16},"end":{"line":11,"column":17}},"loc":{"start":{"line":11,"column":22},"end":{"line":21,"column":5}},"line":11},"2":{"name":"(anonymous_2)","decl":{"start":{"line":18,"column":13},"end":{"line":18,"column":14}},"loc":{"start":{"line":18,"column":19},"end":{"line":20,"column":7}},"line":18}},"branchMap":{"0":{"loc":{"start":{"line":12,"column":6},"end":{"line":14,"column":7}},"type":"if","locations":[{"start":{"line":12,"column":6},"end":{"line":14,"column":7}},{"start":{},"end":{}}],"line":12},"1":{"loc":{"start":{"line":12,"column":10},"end":{"line":12,"column":38}},"type":"binary-expr","locations":[{"start":{"line":12,"column":10},"end":{"line":12,"column":19}},{"start":{"line":12,"column":23},"end":{"line":12,"column":38}}],"line":12}},"s":{"0":0,"1":0,"2":0,"3":0,"4":0,"5":0,"6":0},"f":{"0":0,"1":0,"2":0},"b":{"0":[0,0],"1":[0,0]}}
,"/Users/douglasoliveira/Desktop/RotaBus-API/frontend/src/hooks/useAutoSpeakOnce.ts": {"path":"/Users/douglasoliveira/Desktop/RotaBus-API/frontend/src/hooks/useAutoSpeakOnce.ts","statementMap":{"0":{"start":{"line":7,"column":19},"end":{"line":7,"column":36}},"1":{"start":{"line":10,"column":23},"end":{"line":10,"column":41}},"2":{"start":{"line":12,"column":2},"end":{"line":29,"column":4}},"3":{"start":{"line":14,"column":6},"end":{"line":16,"column":7}},"4":{"start":{"line":15,"column":8},"end":{"line":15,"column":15}},"5":{"start":{"line":18,"column":6},"end":{"line":20,"column":7}},"6":{"start":{"line":19,"column":8},"end":{"line":19,"column":15}},"7":{"start":{"line":22,"column":6},"end":{"line":22,"column":26}},"8":{"start":{"line":23,"column":6},"end":{"line":23,"column":21}},"9":{"start":{"line":25,"column":6},"end":{"line":27,"column":8}},"10":{"start":{"line":26,"column":8},"end":{"line":26,"column":23}}},"fnMap":{"0":{"name":"useAutoSpeakOnce","decl":{"start":{"line":9,"column":16},"end":{"line":9,"column":32}},"loc":{"start":{"line":9,"column":63},"end":{"line":30,"column":1}},"line":9},"1":{"name":"(anonymous_1)","decl":{"start":{"line":13,"column":16},"end":{"line":13,"column":17}},"loc":{"start":{"line":13,"column":22},"end":{"line":28,"column":5}},"line":13},"2":{"name":"(anonymous_2)","decl":{"start":{"line":25,"column":13},"end":{"line":25,"column":14}},"loc":{"start":{"line":25,"column":19},"end":{"line":27,"column":7}},"line":25}},"branchMap":{"0":{"loc":{"start":{"line":14,"column":6},"end":{"line":16,"column":7}},"type":"if","locations":[{"start":{"line":14,"column":6},"end":{"line":16,"column":7}},{"start":{},"end":{}}],"line":14},"1":{"loc":{"start":{"line":14,"column":10},"end":{"line":14,"column":38}},"type":"binary-expr","locations":[{"start":{"line":14,"column":10},"end":{"line":14,"column":19}},{"start":{"line":14,"column":23},"end":{"line":14,"column":38}}],"line":14},"2":{"loc":{"start":{"line":18,"column":6},"end":{"line":20,"column":7}},"type":"if","locations":[{"start":{"line":18,"column":6},"end":{"line":20,"column":7}},{"start":{},"end":{}}],"line":18}},"s":{"0":0,"1":0,"2":0,"3":0,"4":0,"5":0,"6":0,"7":0,"8":0,"9":0,"10":0},"f":{"0":0,"1":0,"2":0},"b":{"0":[0,0],"1":[0,0],"2":[0,0]}}
,"/Users/douglasoliveira/Desktop/RotaBus-API/frontend/src/services/auth.service.ts": {"path":"/Users/douglasoliveira/Desktop/RotaBus-API/frontend/src/services/auth.service.ts","statementMap":{"0":{"start":{"line":9,"column":19},"end":{"line":18,"column":4}},"1":{"start":{"line":20,"column":17},"end":{"line":20,"column":38}},"2":{"start":{"line":22,"column":2},"end":{"line":26,"column":3}},"3":{"start":{"line":23,"column":4},"end":{"line":25,"column":6}},"4":{"start":{"line":28,"column":2},"end":{"line":28,"column":16}},"5":{"start":{"line":32,"column":19},"end":{"line":43,"column":4}},"6":{"start":{"line":45,"column":17},"end":{"line":45,"column":38}},"7":{"start":{"line":47,"column":2},"end":{"line":51,"column":3}},"8":{"start":{"line":48,"column":4},"end":{"line":50,"column":6}},"9":{"start":{"line":54,"column":2},"end":{"line":54,"column":63}},"10":{"start":{"line":57,"column":27},"end":{"line":60,"column":1}}},"fnMap":{"0":{"name":"login","decl":{"start":{"line":8,"column":15},"end":{"line":8,"column":20}},"loc":{"start":{"line":8,"column":64},"end":{"line":29,"column":1}},"line":8},"1":{"name":"createAccount","decl":{"start":{"line":31,"column":15},"end":{"line":31,"column":28}},"loc":{"start":{"line":31,"column":80},"end":{"line":55,"column":1}},"line":31}},"branchMap":{"0":{"loc":{"start":{"line":22,"column":2},"end":{"line":26,"column":3}},"type":"if","locations":[{"start":{"line":22,"column":2},"end":{"line":26,"column":3}},{"start":{},"end":{}}],"line":22},"1":{"loc":{"start":{"line":24,"column":6},"end":{"line":24,"column":73}},"type":"binary-expr","locations":[{"start":{"line":24,"column":6},"end":{"line":24,"column":21}},{"start":{"line":24,"column":25},"end":{"line":24,"column":38}},{"start":{"line":24,"column":42},"end":{"line":24,"column":73}}],"line":24},"2":{"loc":{"start":{"line":47,"column":2},"end":{"line":51,"column":3}},"type":"if","locations":[{"start":{"line":47,"column":2},"end":{"line":51,"column":3}},{"start":{},"end":{}}],"line":47},"3":{"loc":{"start":{"line":49,"column":6},"end":{"line":49,"column":75}},"type":"binary-expr","locations":[{"start":{"line":49,"column":6},"end":{"line":49,"column":21}},{"start":{"line":49,"column":25},"end":{"line":49,"column":38}},{"start":{"line":49,"column":42},"end":{"line":49,"column":75}}],"line":49}},"s":{"0":0,"1":0,"2":0,"3":0,"4":0,"5":0,"6":0,"7":0,"8":0,"9":0,"10":0},"f":{"0":0,"1":0},"b":{"0":[0,0],"1":[0,0,0],"2":[0,0],"3":[0,0,0]}}
,"/Users/douglasoliveira/Desktop/RotaBus-API/frontend/src/services/journey.service.ts": {"path":"/Users/douglasoliveira/Desktop/RotaBus-API/frontend/src/services/journey.service.ts","statementMap":{"0":{"start":{"line":13,"column":16},"end":{"line":13,"column":47}},"1":{"start":{"line":15,"column":2},"end":{"line":32,"column":5}},"2":{"start":{"line":16,"column":21},"end":{"line":23,"column":6}},"3":{"start":{"line":25,"column":19},"end":{"line":25,"column":40}},"4":{"start":{"line":27,"column":4},"end":{"line":29,"column":5}},"5":{"start":{"line":28,"column":6},"end":{"line":28,"column":82}},"6":{"start":{"line":31,"column":4},"end":{"line":31,"column":18}},"7":{"start":{"line":36,"column":16},"end":{"line":36,"column":47}},"8":{"start":{"line":38,"column":2},"end":{"line":55,"column":5}},"9":{"start":{"line":39,"column":21},"end":{"line":46,"column":6}},"10":{"start":{"line":48,"column":19},"end":{"line":48,"column":40}},"11":{"start":{"line":50,"column":4},"end":{"line":52,"column":5}},"12":{"start":{"line":51,"column":6},"end":{"line":51,"column":90}},"13":{"start":{"line":54,"column":4},"end":{"line":54,"column":18}},"14":{"start":{"line":58,"column":30},"end":{"line":61,"column":1}}},"fnMap":{"0":{"name":"planJourney","decl":{"start":{"line":12,"column":15},"end":{"line":12,"column":26}},"loc":{"start":{"line":12,"column":79},"end":{"line":33,"column":1}},"line":12},"1":{"name":"(anonymous_1)","decl":{"start":{"line":15,"column":19},"end":{"line":15,"column":20}},"loc":{"start":{"line":15,"column":31},"end":{"line":32,"column":3}},"line":15},"2":{"name":"resolveDestination","decl":{"start":{"line":35,"column":15},"end":{"line":35,"column":33}},"loc":{"start":{"line":35,"column":104},"end":{"line":56,"column":1}},"line":35},"3":{"name":"(anonymous_3)","decl":{"start":{"line":38,"column":19},"end":{"line":38,"column":20}},"loc":{"start":{"line":38,"column":31},"end":{"line":55,"column":3}},"line":38}},"branchMap":{"0":{"loc":{"start":{"line":27,"column":4},"end":{"line":29,"column":5}},"type":"if","locations":[{"start":{"line":27,"column":4},"end":{"line":29,"column":5}},{"start":{},"end":{}}],"line":27},"1":{"loc":{"start":{"line":28,"column":22},"end":{"line":28,"column":80}},"type":"binary-expr","locations":[{"start":{"line":28,"column":22},"end":{"line":28,"column":37}},{"start":{"line":28,"column":41},"end":{"line":28,"column":54}},{"start":{"line":28,"column":58},"end":{"line":28,"column":80}}],"line":28},"2":{"loc":{"start":{"line":50,"column":4},"end":{"line":52,"column":5}},"type":"if","locations":[{"start":{"line":50,"column":4},"end":{"line":52,"column":5}},{"start":{},"end":{}}],"line":50},"3":{"loc":{"start":{"line":51,"column":22},"end":{"line":51,"column":88}},"type":"binary-expr","locations":[{"start":{"line":51,"column":22},"end":{"line":51,"column":37}},{"start":{"line":51,"column":41},"end":{"line":51,"column":54}},{"start":{"line":51,"column":58},"end":{"line":51,"column":88}}],"line":51}},"s":{"0":0,"1":0,"2":0,"3":0,"4":0,"5":0,"6":0,"7":0,"8":0,"9":0,"10":0,"11":0,"12":0,"13":0,"14":0},"f":{"0":0,"1":0,"2":0,"3":0},"b":{"0":[0,0],"1":[0,0,0],"2":[0,0],"3":[0,0,0]}}
[...]
,"/Users/douglasoliveira/Desktop/RotaBus-API/frontend/src/utils/helpers.ts": {"path":"/Users/douglasoliveira/Desktop/RotaBus-API/frontend/src/utils/helpers.ts","statementMap":{"0":{"start":{"line":9,"column":2},"end":{"line":16,"column":3}},"1":{"start":{"line":10,"column":4},"end":{"line":12,"column":5}},"2":{"start":{"line":11,"column":6},"end":{"line":11,"column":22}},"3":{"start":{"line":13,"column":4},"end":{"line":13,"column":34}},"4":{"start":{"line":15,"column":4},"end":{"line":15,"column":20}},"5":{"start":{"line":23,"column":12},"end":{"line":23,"column":18}},"6":{"start":{"line":24,"column":13},"end":{"line":24,"column":35}},"7":{"start":{"line":25,"column":13},"end":{"line":25,"column":35}},"8":{"start":{"line":26,"column":13},"end":{"line":26,"column":44}},"9":{"start":{"line":27,"column":13},"end":{"line":27,"column":44}},"10":{"start":{"line":30,"column":4},"end":{"line":31,"column":69}},"11":{"start":{"line":33,"column":12},"end":{"line":33,"column":58}},"12":{"start":{"line":35,"column":2},"end":{"line":35,"column":15}},"13":{"start":{"line":42,"column":2},"end":{"line":42,"column":23}},"14":{"start":{"line":42,"column":13},"end":{"line":42,"column":23}},"15":{"start":{"line":44,"column":16},"end":{"line":44,"column":41}},"16":{"start":{"line":47,"column":27},"end":{"line":66,"column":3}},"17":{"start":{"line":68,"column":2},"end":{"line":73,"column":3}},"18":{"start":{"line":69,"column":4},"end":{"line":72,"column":5}},"19":{"start":{"line":70,"column":6},"end":{"line":70,"column":56}},"20":{"start":{"line":71,"column":6},"end":{"line":71,"column":12}},"21":{"start":{"line":76,"column":2},"end":{"line":76,"column":43}},"22":{"start":{"line":78,"column":2},"end":{"line":78,"column":24}}},"fnMap":{"0":{"name":"parseJsonParam","decl":{"start":{"line":8,"column":16},"end":{"line":8,"column":30}},"loc":{"start":{"line":8,"column":66},"end":{"line":17,"column":1}},"line":8},"1":{"name":"calculateDistance","decl":{"start":{"line":22,"column":16},"end":{"line":22,"column":33}},"loc":{"start":{"line":22,"column":90},"end":{"line":36,"column":1}},"line":22},"2":{"name":"cleanVoiceTranscript","decl":{"start":{"line":41,"column":16},"end":{"line":41,"column":36}},"loc":{"start":{"line":41,"column":59},"end":{"line":79,"column":1}},"line":41}},"branchMap":{"0":{"loc":{"start":{"line":10,"column":4},"end":{"line":12,"column":5}},"type":"if","locations":[{"start":{"line":10,"column":4},"end":{"line":12,"column":5}},{"start":{},"end":{}}],"line":10},"1":{"loc":{"start":{"line":10,"column":8},"end":{"line":10,"column":43}},"type":"binary-expr","locations":[{"start":{"line":10,"column":8},"end":{"line":10,"column":14}},{"start":{"line":10,"column":18},"end":{"line":10,"column":43}}],"line":10},"2":{"loc":{"start":{"line":42,"column":2},"end":{"line":42,"column":23}},"type":"if","locations":[{"start":{"line":42,"column":2},"end":{"line":42,"column":23}},{"start":{},"end":{}}],"line":42},"3":{"loc":{"start":{"line":69,"column":4},"end":{"line":72,"column":5}},"type":"if","locations":[{"start":{"line":69,"column":4},"end":{"line":72,"column":5}},{"start":{},"end":{}}],"line":69}},"s":{"0":4,"1":4,"2":2,"3":2,"4":1,"5":2,"6":2,"7":2,"8":2,"9":2,"10":2,"11":2,"12":2,"13":5,"14":0,"15":5,"16":5,"17":5,"18":41,"19":4,"20":4,"21":5,"22":5},"f":{"0":4,"1":2,"2":5},"b":{"0":[2,2],"1":[4,2],"2":[0,5],"3":[4,37]},"_coverageSchema":"1a1c01bbd47fc00a2c39e90264f33305004495a9","hash":"76a67cb8a6532d090e71edffc31b1223b25761f5"}
,"/Users/douglasoliveira/Desktop/RotaBus-API/frontend/src/utils/navigationInstructionFormatter.ts": {"path":"/Users/douglasoliveira/Desktop/RotaBus-API/frontend/src/utils/navigationInstructionFormatter.ts","statementMap":{"0":{"start":{"line":23,"column":55},"end":{"line":23,"column":60}},"1":{"start":{"line":25,"column":2},"end":{"line":32,"column":3}},"2":{"start":{"line":26,"column":4},"end":{"line":31,"column":6}},"3":{"start":{"line":34,"column":13},"end":{"line":34,"column":34}},"4":{"start":{"line":37,"column":23},"end":{"line":37,"column":91}},"5":{"start":{"line":38,"column":16},"end":{"line":38,"column":25}},"6":{"start":{"line":40,"column":2},"end":{"line":53,"column":3}},"7":{"start":{"line":41,"column":4},"end":{"line":41,"column":35}},"8":{"start":{"line":43,"column":4},"end":{"line":43,"column":64}},"9":{"start":{"line":44,"column":4},"end":{"line":44,"column":60}},"10":{"start":{"line":45,"column":4},"end":{"line":45,"column":62}},"11":{"start":{"line":46,"column":4},"end":{"line":46,"column":76}},"12":{"start":{"line":47,"column":4},"end":{"line":47,"column":72}},"13":{"start":{"line":50,"column":4},"end":{"line":52,"column":5}},"14":{"start":{"line":51,"column":6},"end":{"line":51,"column":30}},"15":{"start":{"line":56,"column":2},"end":{"line":56,"column":102}},"16":{"start":{"line":57,"column":2},"end":{"line":57,"column":120}},"17":{"start":{"line":60,"column":2},"end":{"line":60,"column":58}},"18":{"start":{"line":61,"column":2},"end":{"line":61,"column":50}},"19":{"start":{"line":62,"column":2},"end":{"line":62,"column":52}},"20":{"start":{"line":63,"column":2},"end":{"line":63,"column":48}},"21":{"start":{"line":64,"column":2},"end":{"line":64,"column":46}},"22":{"start":{"line":67,"column":2},"end":{"line":69,"column":3}},"23":{"start":{"line":68,"column":4},"end":{"line":68,"column":31}},"24":{"start":{"line":72,"column":23},"end":{"line":72,"column":67}},"25":{"start":{"line":73,"column":24},"end":{"line":73,"column":26}},"26":{"start":{"line":75,"column":2},"end":{"line":79,"column":3}},"27":{"start":{"line":76,"column":4},"end":{"line":78,"column":69}},"28":{"start":{"line":82,"column":19},"end":{"line":82,"column":23}},"29":{"start":{"line":83,"column":2},"end":{"line":95,"column":3}},"30":{"start":{"line":84,"column":20},"end":{"line":86,"column":77}},"31":{"start":{"line":89,"column":4},"end":{"line":94,"column":5}},"32":{"start":{"line":90,"column":6},"end":{"line":90,"column":45}},"33":{"start":{"line":93,"column":6},"end":{"line":93,"column":45}},"34":{"start":{"line":97,"column":2},"end":{"line":103,"column":4}}},"fnMap":{"0":{"name":"formatWalkingInstruction","decl":{"start":{"line":22,"column":16},"end":{"line":22,"column":40}},"loc":{"start":{"line":22,"column":83},"end":{"line":104,"column":1}},"line":22}},"branchMap":{"0":{"loc":{"start":{"line":25,"column":2},"end":{"line":32,"column":3}},"type":"if","locations":[{"start":{"line":25,"column":2},"end":{"line":32,"column":3}},{"start":{},"end":{}}],"line":25},"1":{"loc":{"start":{"line":28,"column":23},"end":{"line":28,"column":97}},"type":"cond-expr","locations":[{"start":{"line":28,"column":40},"end":{"line":28,"column":73}},{"start":{"line":28,"column":76},"end":{"line":28,"column":97}}],"line":28},"2":{"loc":{"start":{"line":40,"column":2},"end":{"line":53,"column":3}},"type":"if","locations":[{"start":{"line":40,"column":2},"end":{"line":53,"column":3}},{"start":{},"end":{}}],"line":40},"3":{"loc":{"start":{"line":50,"column":4},"end":{"line":52,"column":5}},"type":"if","locations":[{"start":{"line":50,"column":4},"end":{"line":52,"column":5}},{"start":{},"end":{}}],"line":50},"4":{"loc":{"start":{"line":50,"column":8},"end":{"line":50,"column":59}},"type":"binary-expr","locations":[{"start":{"line":50,"column":8},"end":{"line":50,"column":37}},{"start":{"line":50,"column":41},"end":{"line":50,"column":59}}],"line":50},"5":{"loc":{"start":{"line":67,"column":2},"end":{"line":69,"column":3}},"type":"if","locations":[{"start":{"line":67,"column":2},"end":{"line":69,"column":3}},{"start":{},"end":{}}],"line":67},"6":{"loc":{"start":{"line":67,"column":6},"end":{"line":67,"column":123}},"type":"binary-expr","locations":[{"start":{"line":67,"column":6},"end":{"line":67,"column":42}},{"start":{"line":67,"column":46},"end":{"line":67,"column":82}},{"start":{"line":67,"column":86},"end":{"line":67,"column":123}}],"line":67},"7":{"loc":{"start":{"line":75,"column":2},"end":{"line":79,"column":3}},"type":"if","locations":[{"start":{"line":75,"column":2},"end":{"line":79,"column":3}},{"start":{},"end":{}}],"line":75},"8":{"loc":{"start":{"line":75,"column":6},"end":{"line":75,"column":42}},"type":"binary-expr","locations":[{"start":{"line":75,"column":6},"end":{"line":75,"column":20}},{"start":{"line":75,"column":24},"end":{"line":75,"column":42}}],"line":75},"9":{"loc":{"start":{"line":76,"column":22},"end":{"line":78,"column":68}},"type":"cond-expr","locations":[{"start":{"line":77,"column":8},"end":{"line":77,"column":46}},{"start":{"line":78,"column":8},"end":{"line":78,"column":68}}],"line":76},"10":{"loc":{"start":{"line":83,"column":2},"end":{"line":95,"column":3}},"type":"if","locations":[{"start":{"line":83,"column":2},"end":{"line":95,"column":3}},{"start":{},"end":{}}],"line":83},"11":{"loc":{"start":{"line":83,"column":6},"end":{"line":83,"column":43}},"type":"binary-expr","locations":[{"start":{"line":83,"column":6},"end":{"line":83,"column":20}},{"start":{"line":83,"column":24},"end":{"line":83,"column":43}}],"line":83},"12":{"loc":{"start":{"line":84,"column":20},"end":{"line":86,"column":77}},"type":"cond-expr","locations":[{"start":{"line":85,"column":8},"end":{"line":85,"column":46}},{"start":{"line":86,"column":8},"end":{"line":86,"column":77}}],"line":84},"13":{"loc":{"start":{"line":89,"column":4},"end":{"line":94,"column":5}},"type":"if","locations":[{"start":{"line":89,"column":4},"end":{"line":94,"column":5}},{"start":{"line":91,"column":11},"end":{"line":94,"column":5}}],"line":89},"14":{"loc":{"start":{"line":89,"column":8},"end":{"line":89,"column":90}},"type":"binary-expr","locations":[{"start":{"line":89,"column":8},"end":{"line":89,"column":45}},{"start":{"line":89,"column":49},"end":{"line":89,"column":90}}],"line":89},"15":{"loc":{"start":{"line":100,"column":16},"end":{"line":100,"column":72}},"type":"cond-expr","locations":[{"start":{"line":100,"column":43},"end":{"line":100,"column":53}},{"start":{"line":100,"column":56},"end":{"line":100,"column":72}}],"line":100}},"s":{"0":0,"1":0,"2":0,"3":0,"4":0,"5":0,"6":0,"7":0,"8":0,"9":0,"10":0,"11":0,"12":0,"13":0,"14":0,"15":0,"16":0,"17":0,"18":0,"19":0,"20":0,"21":0,"22":0,"23":0,"24":0,"25":0,"26":0,"27":0,"28":0,"29":0,"30":0,"31":0,"32":0,"33":0,"34":0},"f":{"0":0},"b":{"0":[0,0],"1":[0,0],"2":[0,0],"3":[0,0],"4":[0,0],"5":[0,0],"6":[0,0,0],"7":[0,0],"8":[0,0],"9":[0,0],"10":[0,0],"11":[0,0],"12":[0,0],"13":[0,0],"14":[0,0],"15":[0,0]}}
,"/Users/douglasoliveira/Desktop/RotaBus-API/frontend/src/utils/network.ts": {"path":"/Users/douglasoliveira/Desktop/RotaBus-API/frontend/src/utils/network.ts","statementMap":{"0":{"start":{"line":4,"column":19},"end":{"line":4,"column":23}},"1":{"start":{"line":5,"column":0},"end":{"line":11,"column":1}},"2":{"start":{"line":6,"column":2},"end":{"line":8,"column":3}},"3":{"start":{"line":7,"column":4},"end":{"line":7,"column":111}},"4":{"start":{"line":10,"column":2},"end":{"line":10,"column":66}},"5":{"start":{"line":21,"column":2},"end":{"line":35,"column":3}},"6":{"start":{"line":22,"column":4},"end":{"line":28,"column":5}},"7":{"start":{"line":24,"column":6},"end":{"line":26,"column":7}},"8":{"start":{"line":25,"column":8},"end":{"line":25,"column":39}},"9":{"start":{"line":27,"column":6},"end":{"line":27,"column":18}},"10":{"start":{"line":30,"column":18},"end":{"line":30,"column":39}},"11":{"start":{"line":31,"column":4},"end":{"line":31,"column":62}},"12":{"start":{"line":33,"column":4},"end":{"line":33,"column":68}},"13":{"start":{"line":34,"column":4},"end":{"line":34,"column":16}},"14":{"start":{"line":46,"column":2},"end":{"line":67,"column":3}},"15":{"start":{"line":47,"column":4},"end":{"line":47,"column":22}},"16":{"start":{"line":49,"column":4},"end":{"line":51,"column":5}},"17":{"start":{"line":50,"column":6},"end":{"line":50,"column":18}},"18":{"start":{"line":55,"column":6},"end":{"line":59,"column":65}},"19":{"start":{"line":61,"column":4},"end":{"line":64,"column":5}},"20":{"start":{"line":62,"column":6},"end":{"line":62,"column":65}},"21":{"start":{"line":62,"column":37},"end":{"line":62,"column":63}},"22":{"start":{"line":63,"column":6},"end":{"line":63,"column":51}},"23":{"start":{"line":66,"column":4},"end":{"line":66,"column":16}}},"fnMap":{"0":{"name":"isConnected","decl":{"start":{"line":20,"column":22},"end":{"line":20,"column":33}},"loc":{"start":{"line":20,"column":54},"end":{"line":36,"column":1}},"line":20},"1":{"name":"withRetry","decl":{"start":{"line":41,"column":22},"end":{"line":41,"column":31}},"loc":{"start":{"line":45,"column":14},"end":{"line":68,"column":1}},"line":45},"2":{"name":"(anonymous_2)","decl":{"start":{"line":62,"column":24},"end":{"line":62,"column":25}},"loc":{"start":{"line":62,"column":37},"end":{"line":62,"column":63}},"line":62}},"branchMap":{"0":{"loc":{"start":{"line":6,"column":2},"end":{"line":8,"column":3}},"type":"if","locations":[{"start":{"line":6,"column":2},"end":{"line":8,"column":3}},{"start":{},"end":{}}],"line":6},"1":{"loc":{"start":{"line":7,"column":14},"end":{"line":7,"column":110}},"type":"binary-expr","locations":[{"start":{"line":7,"column":14},"end":{"line":7,"column":64}},{"start":{"line":7,"column":68},"end":{"line":7,"column":110}}],"line":7},"2":{"loc":{"start":{"line":22,"column":4},"end":{"line":28,"column":5}},"type":"if","locations":[{"start":{"line":22,"column":4},"end":{"line":28,"column":5}},{"start":{},"end":{}}],"line":22},"3":{"loc":{"start":{"line":22,"column":8},"end":{"line":22,"column":34}},"type":"binary-expr","locations":[{"start":{"line":22,"column":8},"end":{"line":22,"column":16}},{"start":{"line":22,"column":20},"end":{"line":22,"column":34}}],"line":22},"4":{"loc":{"start":{"line":24,"column":6},"end":{"line":26,"column":7}},"type":"if","locations":[{"start":{"line":24,"column":6},"end":{"line":26,"column":7}},{"start":{},"end":{}}],"line":24},"5":{"loc":{"start":{"line":31,"column":11},"end":{"line":31,"column":61}},"type":"binary-expr","locations":[{"start":{"line":31,"column":11},"end":{"line":31,"column":30}},{"start":{"line":31,"column":34},"end":{"line":31,"column":61}}],"line":31},"6":{"loc":{"start":{"line":43,"column":2},"end":{"line":43,"column":13}},"type":"default-arg","locations":[{"start":{"line":43,"column":12},"end":{"line":43,"column":13}}],"line":43},"7":{"loc":{"start":{"line":44,"column":2},"end":{"line":44,"column":14}},"type":"default-arg","locations":[{"start":{"line":44,"column":10},"end":{"line":44,"column":14}}],"line":44},"8":{"loc":{"start":{"line":49,"column":4},"end":{"line":51,"column":5}},"type":"if","locations":[{"start":{"line":49,"column":4},"end":{"line":51,"column":5}},{"start":{},"end":{}}],"line":49},"9":{"loc":{"start":{"line":55,"column":6},"end":{"line":59,"column":65}},"type":"binary-expr","locations":[{"start":{"line":55,"column":6},"end":{"line":55,"column":28}},{"start":{"line":56,"column":7},"end":{"line":56,"column":40}},{"start":{"line":57,"column":7},"end":{"line":57,"column":40}},{"start":{"line":58,"column":7},"end":{"line":58,"column":55}},{"start":{"line":59,"column":7},"end":{"line":59,"column":64}}],"line":55},"10":{"loc":{"start":{"line":61,"column":4},"end":{"line":64,"column":5}},"type":"if","locations":[{"start":{"line":61,"column":4},"end":{"line":64,"column":5}},{"start":{},"end":{}}],"line":61}},"s":{"0":0,"1":0,"2":0,"3":0,"4":0,"5":0,"6":0,"7":0,"8":0,"9":0,"10":0,"11":0,"12":0,"13":0,"14":0,"15":0,"16":0,"17":0,"18":0,"19":0,"20":0,"21":0,"22":0,"23":0},"f":{"0":0,"1":0,"2":0},"b":{"0":[0,0],"1":[0,0],"2":[0,0],"3":[0,0],"4":[0,0],"5":[0,0],"6":[0],"7":[0],"8":[0,0],"9":[0,0,0,0,0],"10":[0,0]}}
,"/Users/douglasoliveira/Desktop/RotaBus-API/frontend/src/utils/polyline.ts": {"path":"/Users/douglasoliveira/Desktop/RotaBus-API/frontend/src/utils/polyline.ts","statementMap":{"0":{"start":{"line":6,"column":2},"end":{"line":6,"column":26}},"1":{"start":{"line":6,"column":16},"end":{"line":6,"column":26}},"2":{"start":{"line":8,"column":17},"end":{"line":8,"column":19}},"3":{"start":{"line":9,"column":14},"end":{"line":9,"column":15}},"4":{"start":{"line":9,"column":23},"end":{"line":9,"column":37}},"5":{"start":{"line":10,"column":12},"end":{"line":10,"column":13}},"6":{"start":{"line":10,"column":21},"end":{"line":10,"column":22}},"7":{"start":{"line":12,"column":2},"end":{"line":36,"column":3}},"8":{"start":{"line":13,"column":19},"end":{"line":13,"column":20}},"9":{"start":{"line":13,"column":31},"end":{"line":13,"column":32}},"10":{"start":{"line":14,"column":4},"end":{"line":18,"column":24}},"11":{"start":{"line":15,"column":6},"end":{"line":15,"column":43}},"12":{"start":{"line":16,"column":6},"end":{"line":16,"column":36}},"13":{"start":{"line":17,"column":6},"end":{"line":17,"column":17}},"14":{"start":{"line":19,"column":18},"end":{"line":19,"column":59}},"15":{"start":{"line":20,"column":4},"end":{"line":20,"column":16}},"16":{"start":{"line":22,"column":4},"end":{"line":22,"column":14}},"17":{"start":{"line":23,"column":4},"end":{"line":23,"column":15}},"18":{"start":{"line":24,"column":4},"end":{"line":28,"column":24}},"19":{"start":{"line":25,"column":6},"end":{"line":25,"column":43}},"20":{"start":{"line":26,"column":6},"end":{"line":26,"column":36}},"21":{"start":{"line":27,"column":6},"end":{"line":27,"column":17}},"22":{"start":{"line":29,"column":18},"end":{"line":29,"column":59}},"23":{"start":{"line":30,"column":4},"end":{"line":30,"column":16}},"24":{"start":{"line":32,"column":4},"end":{"line":35,"column":7}},"25":{"start":{"line":38,"column":2},"end":{"line":38,"column":16}}},"fnMap":{"0":{"name":"decodePolyline","decl":{"start":{"line":5,"column":16},"end":{"line":5,"column":30}},"loc":{"start":{"line":5,"column":48},"end":{"line":39,"column":1}},"line":5}},"branchMap":{"0":{"loc":{"start":{"line":6,"column":2},"end":{"line":6,"column":26}},"type":"if","locations":[{"start":{"line":6,"column":2},"end":{"line":6,"column":26}},{"start":{},"end":{}}],"line":6},"1":{"loc":{"start":{"line":19,"column":18},"end":{"line":19,"column":59}},"type":"cond-expr","locations":[{"start":{"line":19,"column":31},"end":{"line":19,"column":45}},{"start":{"line":19,"column":48},"end":{"line":19,"column":59}}],"line":19},"2":{"loc":{"start":{"line":29,"column":18},"end":{"line":29,"column":59}},"type":"cond-expr","locations":[{"start":{"line":29,"column":31},"end":{"line":29,"column":45}},{"start":{"line":29,"column":48},"end":{"line":29,"column":59}}],"line":29}},"s":{"0":0,"1":0,"2":0,"3":0,"4":0,"5":0,"6":0,"7":0,"8":0,"9":0,"10":0,"11":0,"12":0,"13":0,"14":0,"15":0,"16":0,"17":0,"18":0,"19":0,"20":0,"21":0,"22":0,"23":0,"24":0,"25":0},"f":{"0":0},"b":{"0":[0,0],"1":[0,0],"2":[0,0]}}
}
